<?xml version="1.0" encoding="UTF-8"?>
<testsuite xmlns:xsi="http://www.w3.org/2001/XMLSchema-instance" xsi:noNamespaceSchemaLocation="https://maven.apache.org/surefire/maven-surefire-plugin/xsd/surefire-test-report-3.0.xsd" version="3.0" name="MyTestRunner.TestRunner" time="5.18" tests="32" errors="27" skipped="0" failures="3">
  <properties>
[...]
</properties>
  <testcase name="GET - Retrieve authenticated user information" classname="GitHub REST API Testing" time="1.162">
    <system-out><![CDATA[
Scenario: GET - Retrieve authenticated user information &amp#27;[90m# src/test/resources/Features/Login.feature:7&amp#27;[0m
Setting up GitHub API authentication
  &amp#27;[32mGiven &amp#27;[0m&amp#27;[32mI have a valid GitHub API token&amp#27;[0m                 &amp#27;[90m# StepDefinitions.GitHubAPISteps.i_have_a_valid_github_api_token()&amp#27;[0m
Base URI set to: https://api.github.com
  &amp#27;[32mAnd &amp#27;[0m&amp#27;[32mI set the base URI to "&amp#27;[0m&amp#27;[32m&amp#27;[1mhttps://api.github.com&amp#27;[0m&amp#27;[32m"&amp#27;[0m    &amp#27;[90m# StepDefinitions.GitHubAPISteps.i_set_the_base_uri_to(java.lang.String)&amp#27;[0m
GET request sent to: /user
Response status: 200
  &amp#27;[32mWhen &amp#27;[0m&amp#27;[32mI send a GET request to "&amp#27;[0m&amp#27;[32m&amp#27;[1m/user&amp#27;[0m&amp#27;[32m"&amp#27;[0m                  &amp#27;[90m# StepDefinitions.GitHubAPISteps.i_send_a_get_request_to(java.lang.String)&amp#27;[0m
Verified status code: 200
  &amp#27;[32mThen &amp#27;[0m&amp#27;[32mthe response status code should be &amp#27;[0m&amp#27;[32m&amp#27;[1m200&amp#27;[0m           &amp#27;[90m# StepDefinitions.GitHubAPISteps.the_response_status_code_should_be(int)&amp#27;[0m
Verified response contains user information
  &amp#27;[32mAnd &amp#27;[0m&amp#27;[32mthe response should contain user information&amp#27;[0m      &amp#27;[90m# StepDefinitions.GitHubAPISteps.the_response_should_contain_user_information()&amp#27;[0m
Verified field exists: login
  &amp#27;[32mAnd &amp#27;[0m&amp#27;[32mthe response should have "&amp#27;[0m&amp#27;[32m&amp#27;[1mlogin&amp#27;[0m&amp#27;[32m" field&amp#27;[0m            &amp#27;[90m# StepDefinitions.GitHubAPISteps.the_response_should_have_field(java.lang.String)&amp#27;[0m
Verified field exists: id
  &amp#27;[32mAnd &amp#27;[0m&amp#27;[32mthe response should have "&amp#27;[0m&amp#27;[32m&amp#27;[1mid&amp#27;[0m&amp#27;[32m" field&amp#27;[0m               &amp#27;[90m# StepDefinitions.GitHubAPISteps.the_response_should_have_field(java.lang.String)&amp#27;[0m
]]></system-out>
    <system-err><![CDATA[log4j:WARN No appenders could be found for logger (org.apache.http.impl.conn.BasicClientConnectionManager).
log4j:WARN Please initialize the log4j system properly.
log4j:WARN See http://logging.apache.org/log4j/1.2/faq.html#noconfig for more info.
]]></system-err>
  </testcase>
  <testcase name="GET - Retrieve a specific repository" classname="GitHub REST API Testing" time="0.221">
    <failure message="1 expectation failed.&#10;Expected status code &lt;200&gt; but was &lt;404&gt;.&#10;" type="java.lang.AssertionError"><![CDATA[java.lang.AssertionError: 
1 expectation failed.
Expected status code <200> but was <404>.

	at java.base/jdk.internal.reflect.DirectConstructorHandleAccessor.newInstance(DirectConstructorHandleAccessor.java:62)
	at java.base/java.lang.reflect.Constructor.newInstanceWithCaller(Constructor.java:499)
	at java.base/java.lang.reflect.Constructor.newInstance(Constructor.java:483)
	at org.codehaus.groovy.reflection.CachedConstructor.invoke(CachedConstructor.java:72)
	at org.codehaus.groovy.runtime.callsite.ConstructorSite$ConstructorSiteNoUnwrapNoCoerce.callConstructor(ConstructorSite.java:105)
	at org.codehaus.groovy.runtime.callsite.CallSiteArray.defaultCallConstructor(CallSiteArray.java:59)
	at org.codehaus.groovy.runtime.callsite.AbstractCallSite.callConstructor(AbstractCallSite.java:263)
	at org.codehaus.groovy.runtime.callsite.AbstractCallSite.callConstructor(AbstractCallSite.java:277)
	at io.restassured.internal.ResponseSpecificationImpl$HamcrestAssertionClosure.validate(ResponseSpecificationImpl.groovy:493)
	at io.restassured.internal.ResponseSpecificationImpl$HamcrestAssertionClosure$validate$1.call(Unknown Source)
	at io.restassured.internal.ResponseSpecificationImpl.validateResponseIfRequired(ResponseSpecificationImpl.groovy:674)
	at java.base/jdk.internal.reflect.DirectMethodHandleAccessor.invoke(DirectMethodHandleAccessor.java:104)
	at java.base/java.lang.reflect.Method.invoke(Method.java:565)
	at org.codehaus.groovy.runtime.callsite.PlainObjectMetaMethodSite.doInvoke(PlainObjectMetaMethodSite.java:43)
	at org.codehaus.groovy.runtime.callsite.PogoMetaMethodSite$PogoCachedMethodSiteNoUnwrapNoCoerce.invoke(PogoMetaMethodSite.java:193)
	at org.codehaus.groovy.runtime.callsite.PogoMetaMethodSite.callCurrent(PogoMetaMethodSite.java:61)
	at org.codehaus.groovy.runtime.callsite.AbstractCallSite.callCurrent(AbstractCallSite.java:185)
	at io.restassured.internal.ResponseSpecificationImpl.statusCode(ResponseSpecificationImpl.groovy:126)
	at io.restassured.specification.ResponseSpecification$statusCode$0.callCurrent(Unknown Source)
	at io.restassured.internal.ResponseSpecificationImpl.statusCode(ResponseSpecificationImpl.groovy:134)
	at io.restassured.internal.ValidatableResponseOptionsImpl.statusCode(ValidatableResponseOptionsImpl.java:89)
	at io.restassured.internal.ValidatableResponseImpl.super$2$statusCode(ValidatableResponseImpl.groovy)
	at java.base/jdk.internal.reflect.DirectMethodHandleAccessor.invoke(DirectMethodHandleAccessor.java:104)
	at java.base/java.lang.reflect.Method.invoke(Method.java:565)
	at org.codehaus.groovy.reflection.CachedMethod.invoke(CachedMethod.java:107)
	at groovy.lang.MetaMethod.doMethodInvoke(MetaMethod.java:323)
	at groovy.lang.MetaClassImpl.invokeMethod(MetaClassImpl.java:1268)
	at org.codehaus.groovy.runtime.ScriptBytecodeAdapter.invokeMethodOnSuperN(ScriptBytecodeAdapter.java:144)
	at io.restassured.internal.ValidatableResponseImpl.statusCode(ValidatableResponseImpl.groovy:142)
	at io.restassured.internal.ValidatableResponseImpl.statusCode(ValidatableResponseImpl.groovy)
	at StepDefinitions.GitHubAPISteps.the_response_status_code_should_be(GitHubAPISteps.java:102)
	at ✽.the response status code should be 200(file:///Users/anhthehoang/Desktop/learning-code/BDDCucumber/BDDCucumberTesting/src/test/resources/Features/Login.feature:17)
]]></failure>
    <system-out><![CDATA[
Scenario: GET - Retrieve a specific repository                       &amp#27;[90m# src/test/resources/Features/Login.feature:14&amp#27;[0m
Setting up GitHub API authentication
  &amp#27;[32mGiven &amp#27;[0m&amp#27;[32mI have a valid GitHub API token&amp#27;[0m                              &amp#27;[90m# StepDefinitions.GitHubAPISteps.i_have_a_valid_github_api_token()&amp#27;[0m
Base URI set to: https://api.github.com
  &amp#27;[32mAnd &amp#27;[0m&amp#27;[32mI set the base URI to "&amp#27;[0m&amp#27;[32m&amp#27;[1mhttps://api.github.com&amp#27;[0m&amp#27;[32m"&amp#27;[0m                 &amp#27;[90m# StepDefinitions.GitHubAPISteps.i_set_the_base_uri_to(java.lang.String)&amp#27;[0m
Repository set to: anhhoangt/BDDCucumber
  &amp#27;[32mGiven &amp#27;[0m&amp#27;[32mI have a repository "&amp#27;[0m&amp#27;[32m&amp#27;[1manhhoangt/BDDCucumber&amp#27;[0m&amp#27;[32m"&amp#27;[0m                  &amp#27;[90m# StepDefinitions.GitHubAPISteps.i_have_a_repository(java.lang.String)&amp#27;[0m
GET request sent to: /repos/anhhoangt/BDDCucumber
Response status: 404
  &amp#27;[32mWhen &amp#27;[0m&amp#27;[32mI send a GET request to "&amp#27;[0m&amp#27;[32m&amp#27;[1m/repos/anhhoangt/BDDCucumber&amp#27;[0m&amp#27;[32m"&amp#27;[0m        &amp#27;[90m# StepDefinitions.GitHubAPISteps.i_send_a_get_request_to(java.lang.String)&amp#27;[0m
  &amp#27;[31mThen &amp#27;[0m&amp#27;[31mthe response status code should be &amp#27;[0m&amp#27;[31m&amp#27;[1m200&amp#27;[0m                        &amp#27;[90m# StepDefinitions.GitHubAPISteps.the_response_status_code_should_be(int)&amp#27;[0m
      &amp#27;[31mjava.lang.AssertionError: 1 expectation failed.
Expected status code <200> but was <404>.

	at java.base/jdk.internal.reflect.DirectConstructorHandleAccessor.newInstance(DirectConstructorHandleAccessor.java:62)
	at java.base/java.lang.reflect.Constructor.newInstanceWithCaller(Constructor.java:499)
	at java.base/java.lang.reflect.Constructor.newInstance(Constructor.java:483)
	at org.codehaus.groovy.reflection.CachedConstructor.invoke(CachedConstructor.java:72)
	at org.codehaus.groovy.runtime.callsite.ConstructorSite$ConstructorSiteNoUnwrapNoCoerce.callConstructor(ConstructorSite.java:105)
	at org.codehaus.groovy.runtime.callsite.CallSiteArray.defaultCallConstructor(CallSiteArray.java:59)
	at org.codehaus.groovy.runtime.callsite.AbstractCallSite.callConstructor(AbstractCallSite.java:263)
	at org.codehaus.groovy.runtime.callsite.AbstractCallSite.callConstructor(AbstractCallSite.java:277)
	at io.restassured.internal.ResponseSpecificationImpl$HamcrestAssertionClosure.validate(ResponseSpecificationImpl.groovy:493)
	at io.restassured.internal.ResponseSpecificationImpl$HamcrestAssertionClosure$validate$1.call(Unknown Source)
	at io.restassured.internal.ResponseSpecificationImpl.validateResponseIfRequired(ResponseSpecificationImpl.groovy:674)
	at java.base/jdk.internal.reflect.DirectMethodHandleAccessor.invoke(DirectMethodHandleAccessor.java:104)
	at java.base/java.lang.reflect.Method.invoke(Method.java:565)
	at org.codehaus.groovy.runtime.callsite.PlainObjectMetaMethodSite.doInvoke(PlainObjectMetaMethodSite.java:43)
	at org.codehaus.groovy.runtime.callsite.PogoMetaMethodSite$PogoCachedMethodSiteNoUnwrapNoCoerce.invoke(PogoMetaMethodSite.java:193)
	at org.codehaus.groovy.runtime.callsite.PogoMetaMethodSite.callCurrent(PogoMetaMethodSite.java:61)
	at org.codehaus.groovy.runtime.callsite.AbstractCallSite.callCurrent(AbstractCallSite.java:185)
	at io.restassured.internal.ResponseSpecificationImpl.statusCode(ResponseSpecificationImpl.groovy:126)
	at io.restassured.specification.ResponseSpecification$statusCode$0.callCurrent(Unknown Source)
	at io.restassured.internal.ResponseSpecificationImpl.statusCode(ResponseSpecificationImpl.groovy:134)
	at io.restassured.internal.ValidatableResponseOptionsImpl.statusCode(ValidatableResponseOptionsImpl.java:89)
	at io.restassured.internal.ValidatableResponseImpl.super$2$statusCode(ValidatableResponseImpl.groovy)
	at java.base/jdk.internal.reflect.DirectMethodHandleAccessor.invoke(DirectMethodHandleAccessor.java:104)
	at java.base/java.lang.reflect.Method.invoke(Method.java:565)
	at org.codehaus.groovy.reflection.CachedMethod.invoke(CachedMethod.java:107)
	at groovy.lang.MetaMethod.doMethodInvoke(MetaMethod.java:323)
	at groovy.lang.MetaClassImpl.invokeMethod(MetaClassImpl.java:1268)
	at org.codehaus.groovy.runtime.ScriptBytecodeAdapter.invokeMethodOnSuperN(ScriptBytecodeAdapter.java:144)
	at io.restassured.internal.ValidatableResponseImpl.statusCode(ValidatableResponseImpl.groovy:142)
	at io.restassured.internal.ValidatableResponseImpl.statusCode(ValidatableResponseImpl.groovy)
	at StepDefinitions.GitHubAPISteps.the_response_status_code_should_be(GitHubAPISteps.java:102)
	at ✽.the response status code should be 200(file:///Users/anhthehoang/Desktop/learning-code/BDDCucumber/BDDCucumberTesting/src/test/resources/Features/Login.feature:17)
&amp#27;[0m
  &amp#27;[36mAnd &amp#27;[0m&amp#27;[36mthe response should contain repository information&amp#27;[0m             &amp#27;[90m# StepDefinitions.GitHubAPISteps.the_response_should_contain_repository_information()&amp#27;[0m
  &amp#27;[36mAnd &amp#27;[0m&amp#27;[36mthe response should have "&amp#27;[0m&amp#27;[36m&amp#27;[1mname&amp#27;[0m&amp#27;[36m" field with value "&amp#27;[0m&amp#27;[36m&amp#27;[1mBDDCucumber&amp#27;[0m&amp#27;[36m"&amp#27;[0m &amp#27;[90m# StepDefinitions.GitHubAPISteps.the_response_should_have_field_with_value(java.lang.String,java.lang.String)&amp#27;[0m
  &amp#27;[36mAnd &amp#27;[0m&amp#27;[36mthe response should have "&amp#27;[0m&amp#27;[36m&amp#27;[1mowner&amp#27;[0m&amp#27;[36m" field&amp#27;[0m                         &amp#27;[90m# StepDefinitions.GitHubAPISteps.the_response_should_have_field(java.lang.String)&amp#27;[0m
]]></system-out>
  </testcase>
  <testcase name="GET - Retrieve non-existent repository" classname="GitHub REST API Testing" time="0.233">
    <system-out><![CDATA[
Scenario: GET - Retrieve non-existent repository               &amp#27;[90m# src/test/resources/Features/Login.feature:22&amp#27;[0m
Setting up GitHub API authentication
  &amp#27;[32mGiven &amp#27;[0m&amp#27;[32mI have a valid GitHub API token&amp#27;[0m                        &amp#27;[90m# StepDefinitions.GitHubAPISteps.i_have_a_valid_github_api_token()&amp#27;[0m
Base URI set to: https://api.github.com
  &amp#27;[32mAnd &amp#27;[0m&amp#27;[32mI set the base URI to "&amp#27;[0m&amp#27;[32m&amp#27;[1mhttps://api.github.com&amp#27;[0m&amp#27;[32m"&amp#27;[0m           &amp#27;[90m# StepDefinitions.GitHubAPISteps.i_set_the_base_uri_to(java.lang.String)&amp#27;[0m
GET request sent to: /repos/nonexistent/repository
Response status: 404
  &amp#27;[32mWhen &amp#27;[0m&amp#27;[32mI send a GET request to "&amp#27;[0m&amp#27;[32m&amp#27;[1m/repos/nonexistent/repository&amp#27;[0m&amp#27;[32m"&amp#27;[0m &amp#27;[90m# StepDefinitions.GitHubAPISteps.i_send_a_get_request_to(java.lang.String)&amp#27;[0m
Verified status code: 404
  &amp#27;[32mThen &amp#27;[0m&amp#27;[32mthe response status code should be &amp#27;[0m&amp#27;[32m&amp#27;[1m404&amp#27;[0m                  &amp#27;[90m# StepDefinitions.GitHubAPISteps.the_response_status_code_should_be(int)&amp#27;[0m
Verified response contains error message
  &amp#27;[32mAnd &amp#27;[0m&amp#27;[32mthe response should contain error message&amp#27;[0m                &amp#27;[90m# StepDefinitions.GitHubAPISteps.the_response_should_contain_error_message()&amp#27;[0m
]]></system-out>
  </testcase>
  <testcase name="POST - Create a new repository" classname="GitHub REST API Testing" time="0.33">
    <failure message="1 expectation failed.&#10;Expected status code &lt;201&gt; but was &lt;404&gt;.&#10;" type="java.lang.AssertionError"><![CDATA[java.lang.AssertionError: 
1 expectation failed.
Expected status code <201> but was <404>.

	at java.base/jdk.internal.reflect.DirectConstructorHandleAccessor.newInstance(DirectConstructorHandleAccessor.java:62)
	at java.base/java.lang.reflect.Constructor.newInstanceWithCaller(Constructor.java:499)
	at java.base/java.lang.reflect.Constructor.newInstance(Constructor.java:483)
	at org.codehaus.groovy.reflection.CachedConstructor.invoke(CachedConstructor.java:72)
	at org.codehaus.groovy.runtime.callsite.ConstructorSite$ConstructorSiteNoUnwrapNoCoerce.callConstructor(ConstructorSite.java:105)
	at org.codehaus.groovy.runtime.callsite.AbstractCallSite.callConstructor(AbstractCallSite.java:277)
	at io.restassured.internal.ResponseSpecificationImpl$HamcrestAssertionClosure.validate(ResponseSpecificationImpl.groovy:493)
	at io.restassured.internal.ResponseSpecificationImpl$HamcrestAssertionClosure$validate$1.call(Unknown Source)
	at io.restassured.internal.ResponseSpecificationImpl.validateResponseIfRequired(ResponseSpecificationImpl.groovy:674)
	at java.base/jdk.internal.reflect.DirectMethodHandleAccessor.invoke(DirectMethodHandleAccessor.java:104)
	at java.base/java.lang.reflect.Method.invoke(Method.java:565)
	at org.codehaus.groovy.runtime.callsite.PlainObjectMetaMethodSite.doInvoke(PlainObjectMetaMethodSite.java:43)
	at org.codehaus.groovy.runtime.callsite.PogoMetaMethodSite$PogoCachedMethodSiteNoUnwrapNoCoerce.invoke(PogoMetaMethodSite.java:193)
	at org.codehaus.groovy.runtime.callsite.PogoMetaMethodSite.callCurrent(PogoMetaMethodSite.java:61)
	at org.codehaus.groovy.runtime.callsite.AbstractCallSite.callCurrent(AbstractCallSite.java:185)
	at io.restassured.internal.ResponseSpecificationImpl.statusCode(ResponseSpecificationImpl.groovy:126)
	at io.restassured.specification.ResponseSpecification$statusCode$0.callCurrent(Unknown Source)
	at io.restassured.internal.ResponseSpecificationImpl.statusCode(ResponseSpecificationImpl.groovy:134)
	at io.restassured.internal.ValidatableResponseOptionsImpl.statusCode(ValidatableResponseOptionsImpl.java:89)
	at io.restassured.internal.ValidatableResponseImpl.super$2$statusCode(ValidatableResponseImpl.groovy)
	at java.base/jdk.internal.reflect.DirectMethodHandleAccessor.invoke(DirectMethodHandleAccessor.java:104)
	at java.base/java.lang.reflect.Method.invoke(Method.java:565)
	at org.codehaus.groovy.reflection.CachedMethod.invoke(CachedMethod.java:107)
	at groovy.lang.MetaMethod.doMethodInvoke(MetaMethod.java:323)
	at groovy.lang.MetaClassImpl.invokeMethod(MetaClassImpl.java:1268)
	at org.codehaus.groovy.runtime.ScriptBytecodeAdapter.invokeMethodOnSuperN(ScriptBytecodeAdapter.java:144)
	at io.restassured.internal.ValidatableResponseImpl.statusCode(ValidatableResponseImpl.groovy:142)
	at io.restassured.internal.ValidatableResponseImpl.statusCode(ValidatableResponseImpl.groovy)
	at StepDefinitions.GitHubAPISteps.the_response_status_code_should_be(GitHubAPISteps.java:102)
	at ✽.the response status code should be 201(file:///Users/anhthehoang/Desktop/learning-code/BDDCucumber/BDDCucumberTesting/src/test/resources/Features/Login.feature:33)
]]></failure>
    <system-out><![CDATA[
Scenario: POST - Create a new repository                                  &amp#27;[90m# src/test/resources/Features/Login.feature:27&amp#27;[0m
Setting up GitHub API authentication
  &amp#27;[32mGiven &amp#27;[0m&amp#27;[32mI have a valid GitHub API token&amp#27;[0m                                   &amp#27;[90m# StepDefinitions.GitHubAPISteps.i_have_a_valid_github_api_token()&amp#27;[0m
Base URI set to: https://api.github.com
  &amp#27;[32mAnd &amp#27;[0m&amp#27;[32mI set the base URI to "&amp#27;[0m&amp#27;[32m&amp#27;[1mhttps://api.github.com&amp#27;[0m&amp#27;[32m"&amp#27;[0m                      &amp#27;[90m# StepDefinitions.GitHubAPISteps.i_set_the_base_uri_to(java.lang.String)&amp#27;[0m
Repository data prepared: {name=test-repo-api, description=Test repository created via API, private=false}
  &amp#27;[32mGiven &amp#27;[0m&amp#27;[32mI have repository data:&amp#27;[0m                                           &amp#27;[90m# StepDefinitions.GitHubAPISteps.i_have_repository_data(io.cucumber.datatable.DataTable)&amp#27;[0m
    | name        | test-repo-api                   |
    | description | Test repository created via API |
    | private     | false                           |
POST request sent to: /user/repos
Response status: 404
  &amp#27;[32mWhen &amp#27;[0m&amp#27;[32mI send a POST request to "&amp#27;[0m&amp#27;[32m&amp#27;[1m/user/repos&amp#27;[0m&amp#27;[32m" with the repository data&amp#27;[0m    &amp#27;[90m# StepDefinitions.GitHubAPISteps.i_send_a_post_request_to_with_repository_data(java.lang.String)&amp#27;[0m
  &amp#27;[31mThen &amp#27;[0m&amp#27;[31mthe response status code should be &amp#27;[0m&amp#27;[31m&amp#27;[1m201&amp#27;[0m                             &amp#27;[90m# StepDefinitions.GitHubAPISteps.the_response_status_code_should_be(int)&amp#27;[0m
      &amp#27;[31mjava.lang.AssertionError: 1 expectation failed.
Expected status code <201> but was <404>.

	at java.base/jdk.internal.reflect.DirectConstructorHandleAccessor.newInstance(DirectConstructorHandleAccessor.java:62)
	at java.base/java.lang.reflect.Constructor.newInstanceWithCaller(Constructor.java:499)
	at java.base/java.lang.reflect.Constructor.newInstance(Constructor.java:483)
	at org.codehaus.groovy.reflection.CachedConstructor.invoke(CachedConstructor.java:72)
	at org.codehaus.groovy.runtime.callsite.ConstructorSite$ConstructorSiteNoUnwrapNoCoerce.callConstructor(ConstructorSite.java:105)
	at org.codehaus.groovy.runtime.callsite.AbstractCallSite.callConstructor(AbstractCallSite.java:277)
	at io.restassured.internal.ResponseSpecificationImpl$HamcrestAssertionClosure.validate(ResponseSpecificationImpl.groovy:493)
	at io.restassured.internal.ResponseSpecificationImpl$HamcrestAssertionClosure$validate$1.call(Unknown Source)
	at io.restassured.internal.ResponseSpecificationImpl.validateResponseIfRequired(ResponseSpecificationImpl.groovy:674)
	at java.base/jdk.internal.reflect.DirectMethodHandleAccessor.invoke(DirectMethodHandleAccessor.java:104)
	at java.base/java.lang.reflect.Method.invoke(Method.java:565)
	at org.codehaus.groovy.runtime.callsite.PlainObjectMetaMethodSite.doInvoke(PlainObjectMetaMethodSite.java:43)
	at org.codehaus.groovy.runtime.callsite.PogoMetaMethodSite$PogoCachedMethodSiteNoUnwrapNoCoerce.invoke(PogoMetaMethodSite.java:193)
	at org.codehaus.groovy.runtime.callsite.PogoMetaMethodSite.callCurrent(PogoMetaMethodSite.java:61)
	at org.codehaus.groovy.runtime.callsite.AbstractCallSite.callCurrent(AbstractCallSite.java:185)
	at io.restassured.internal.ResponseSpecificationImpl.statusCode(ResponseSpecificationImpl.groovy:126)
	at io.restassured.specification.ResponseSpecification$statusCode$0.callCurrent(Unknown Source)
	at io.restassured.internal.ResponseSpecificationImpl.statusCode(ResponseSpecificationImpl.groovy:134)
	at io.restassured.internal.ValidatableResponseOptionsImpl.statusCode(ValidatableResponseOptionsImpl.java:89)
	at io.restassured.internal.ValidatableResponseImpl.super$2$statusCode(ValidatableResponseImpl.groovy)
	at java.base/jdk.internal.reflect.DirectMethodHandleAccessor.invoke(DirectMethodHandleAccessor.java:104)
	at java.base/java.lang.reflect.Method.invoke(Method.java:565)
	at org.codehaus.groovy.reflection.CachedMethod.invoke(CachedMethod.java:107)
	at groovy.lang.MetaMethod.doMethodInvoke(MetaMethod.java:323)
	at groovy.lang.MetaClassImpl.invokeMethod(MetaClassImpl.java:1268)
	at org.codehaus.groovy.runtime.ScriptBytecodeAdapter.invokeMethodOnSuperN(ScriptBytecodeAdapter.java:144)
	at io.restassured.internal.ValidatableResponseImpl.statusCode(ValidatableResponseImpl.groovy:142)
	at io.restassured.internal.ValidatableResponseImpl.statusCode(ValidatableResponseImpl.groovy)
	at StepDefinitions.GitHubAPISteps.the_response_status_code_should_be(GitHubAPISteps.java:102)
	at ✽.the response status code should be 201(file:///Users/anhthehoang/Desktop/learning-code/BDDCucumber/BDDCucumberTesting/src/test/resources/Features/Login.feature:33)
&amp#27;[0m
  &amp#27;[36mAnd &amp#27;[0m&amp#27;[36mthe response should contain "&amp#27;[0m&amp#27;[36m&amp#27;[1mname&amp#27;[0m&amp#27;[36m" field with value "&amp#27;[0m&amp#27;[36m&amp#27;[1mtest-repo-api&amp#27;[0m&amp#27;[36m"&amp#27;[0m &amp#27;[90m# StepDefinitions.GitHubRepositoryAPISteps.the_response_should_contain_field_with_string_value(java.lang.String,java.lang.String)&amp#27;[0m
  &amp#27;[36mAnd &amp#27;[0m&amp#27;[36mthe response should contain "&amp#27;[0m&amp#27;[36m&amp#27;[1mdescription&amp#27;[0m&amp#27;[36m" field&amp#27;[0m                     &amp#27;[90m# StepDefinitions.GitHubAPISteps.the_response_should_contain_field(java.lang.String)&amp#27;[0m
  &amp#27;[36mAnd &amp#27;[0m&amp#27;[36mthe created repository should exist&amp#27;[0m                                 &amp#27;[90m# StepDefinitions.GitHubAPISteps.the_created_repository_should_exist()&amp#27;[0m
]]></system-out>
  </testcase>
  <testcase name="POST - Create repository with invalid data" classname="GitHub REST API Testing" time="0.237">
    <failure message="1 expectation failed.&#10;Expected status code &lt;422&gt; but was &lt;404&gt;.&#10;" type="java.lang.AssertionError"><![CDATA[java.lang.AssertionError: 
1 expectation failed.
Expected status code <422> but was <404>.

	at java.base/jdk.internal.reflect.DirectConstructorHandleAccessor.newInstance(DirectConstructorHandleAccessor.java:62)
	at java.base/java.lang.reflect.Constructor.newInstanceWithCaller(Constructor.java:499)
	at java.base/java.lang.reflect.Constructor.newInstance(Constructor.java:483)
	at org.codehaus.groovy.reflection.CachedConstructor.invoke(CachedConstructor.java:72)
	at org.codehaus.groovy.runtime.callsite.ConstructorSite$ConstructorSiteNoUnwrapNoCoerce.callConstructor(ConstructorSite.java:105)
	at org.codehaus.groovy.runtime.callsite.AbstractCallSite.callConstructor(AbstractCallSite.java:277)
	at io.restassured.internal.ResponseSpecificationImpl$HamcrestAssertionClosure.validate(ResponseSpecificationImpl.groovy:493)
	at io.restassured.internal.ResponseSpecificationImpl$HamcrestAssertionClosure$validate$1.call(Unknown Source)
	at io.restassured.internal.ResponseSpecificationImpl.validateResponseIfRequired(ResponseSpecificationImpl.groovy:674)
	at java.base/jdk.internal.reflect.DirectMethodHandleAccessor.invoke(DirectMethodHandleAccessor.java:104)
	at java.base/java.lang.reflect.Method.invoke(Method.java:565)
	at org.codehaus.groovy.runtime.callsite.PlainObjectMetaMethodSite.doInvoke(PlainObjectMetaMethodSite.java:43)
	at org.codehaus.groovy.runtime.callsite.PogoMetaMethodSite$PogoCachedMethodSiteNoUnwrapNoCoerce.invoke(PogoMetaMethodSite.java:193)
	at org.codehaus.groovy.runtime.callsite.PogoMetaMethodSite.callCurrent(PogoMetaMethodSite.java:61)
	at org.codehaus.groovy.runtime.callsite.AbstractCallSite.callCurrent(AbstractCallSite.java:185)
	at io.restassured.internal.ResponseSpecificationImpl.statusCode(ResponseSpecificationImpl.groovy:126)
	at io.restassured.specification.ResponseSpecification$statusCode$0.callCurrent(Unknown Source)
	at io.restassured.internal.ResponseSpecificationImpl.statusCode(ResponseSpecificationImpl.groovy:134)
	at io.restassured.internal.ValidatableResponseOptionsImpl.statusCode(ValidatableResponseOptionsImpl.java:89)
	at io.restassured.internal.ValidatableResponseImpl.super$2$statusCode(ValidatableResponseImpl.groovy)
	at java.base/jdk.internal.reflect.DirectMethodHandleAccessor.invoke(DirectMethodHandleAccessor.java:104)
	at java.base/java.lang.reflect.Method.invoke(Method.java:565)
	at org.codehaus.groovy.reflection.CachedMethod.invoke(CachedMethod.java:107)
	at groovy.lang.MetaMethod.doMethodInvoke(MetaMethod.java:323)
	at groovy.lang.MetaClassImpl.invokeMethod(MetaClassImpl.java:1268)
	at org.codehaus.groovy.runtime.ScriptBytecodeAdapter.invokeMethodOnSuperN(ScriptBytecodeAdapter.java:144)
	at io.restassured.internal.ValidatableResponseImpl.statusCode(ValidatableResponseImpl.groovy:142)
	at io.restassured.internal.ValidatableResponseImpl.statusCode(ValidatableResponseImpl.groovy)
	at StepDefinitions.GitHubAPISteps.the_response_status_code_should_be(GitHubAPISteps.java:102)
	at ✽.the response status code should be 422(file:///Users/anhthehoang/Desktop/learning-code/BDDCucumber/BDDCucumberTesting/src/test/resources/Features/Login.feature:43)
]]></failure>
    <system-out><![CDATA[
Scenario: POST - Create repository with invalid data                   &amp#27;[90m# src/test/resources/Features/Login.feature:38&amp#27;[0m
Setting up GitHub API authentication
  &amp#27;[32mGiven &amp#27;[0m&amp#27;[32mI have a valid GitHub API token&amp#27;[0m                                &amp#27;[90m# StepDefinitions.GitHubAPISteps.i_have_a_valid_github_api_token()&amp#27;[0m
Base URI set to: https://api.github.com
  &amp#27;[32mAnd &amp#27;[0m&amp#27;[32mI set the base URI to "&amp#27;[0m&amp#27;[32m&amp#27;[1mhttps://api.github.com&amp#27;[0m&amp#27;[32m"&amp#27;[0m                   &amp#27;[90m# StepDefinitions.GitHubAPISteps.i_set_the_base_uri_to(java.lang.String)&amp#27;[0m
Invalid repository data prepared: {name=null, description=Repository with empty name}
  &amp#27;[32mGiven &amp#27;[0m&amp#27;[32mI have invalid repository data:&amp#27;[0m                                &amp#27;[90m# StepDefinitions.GitHubAPISteps.i_have_invalid_repository_data(io.cucumber.datatable.DataTable)&amp#27;[0m
    | name        | [empty]                    |
    | description | Repository with empty name |
POST request sent to: /user/repos
Response status: 404
  &amp#27;[32mWhen &amp#27;[0m&amp#27;[32mI send a POST request to "&amp#27;[0m&amp#27;[32m&amp#27;[1m/user/repos&amp#27;[0m&amp#27;[32m" with the repository data&amp#27;[0m &amp#27;[90m# StepDefinitions.GitHubAPISteps.i_send_a_post_request_to_with_repository_data(java.lang.String)&amp#27;[0m
  &amp#27;[31mThen &amp#27;[0m&amp#27;[31mthe response status code should be &amp#27;[0m&amp#27;[31m&amp#27;[1m422&amp#27;[0m                          &amp#27;[90m# StepDefinitions.GitHubAPISteps.the_response_status_code_should_be(int)&amp#27;[0m
      &amp#27;[31mjava.lang.AssertionError: 1 expectation failed.
Expected status code <422> but was <404>.

	at java.base/jdk.internal.reflect.DirectConstructorHandleAccessor.newInstance(DirectConstructorHandleAccessor.java:62)
	at java.base/java.lang.reflect.Constructor.newInstanceWithCaller(Constructor.java:499)
	at java.base/java.lang.reflect.Constructor.newInstance(Constructor.java:483)
	at org.codehaus.groovy.reflection.CachedConstructor.invoke(CachedConstructor.java:72)
	at org.codehaus.groovy.runtime.callsite.ConstructorSite$ConstructorSiteNoUnwrapNoCoerce.callConstructor(ConstructorSite.java:105)
	at org.codehaus.groovy.runtime.callsite.AbstractCallSite.callConstructor(AbstractCallSite.java:277)
	at io.restassured.internal.ResponseSpecificationImpl$HamcrestAssertionClosure.validate(ResponseSpecificationImpl.groovy:493)
	at io.restassured.internal.ResponseSpecificationImpl$HamcrestAssertionClosure$validate$1.call(Unknown Source)
	at io.restassured.internal.ResponseSpecificationImpl.validateResponseIfRequired(ResponseSpecificationImpl.groovy:674)
	at java.base/jdk.internal.reflect.DirectMethodHandleAccessor.invoke(DirectMethodHandleAccessor.java:104)
	at java.base/java.lang.reflect.Method.invoke(Method.java:565)
	at org.codehaus.groovy.runtime.callsite.PlainObjectMetaMethodSite.doInvoke(PlainObjectMetaMethodSite.java:43)
	at org.codehaus.groovy.runtime.callsite.PogoMetaMethodSite$PogoCachedMethodSiteNoUnwrapNoCoerce.invoke(PogoMetaMethodSite.java:193)
	at org.codehaus.groovy.runtime.callsite.PogoMetaMethodSite.callCurrent(PogoMetaMethodSite.java:61)
	at org.codehaus.groovy.runtime.callsite.AbstractCallSite.callCurrent(AbstractCallSite.java:185)
	at io.restassured.internal.ResponseSpecificationImpl.statusCode(ResponseSpecificationImpl.groovy:126)
	at io.restassured.specification.ResponseSpecification$statusCode$0.callCurrent(Unknown Source)
	at io.restassured.internal.ResponseSpecificationImpl.statusCode(ResponseSpecificationImpl.groovy:134)
	at io.restassured.internal.ValidatableResponseOptionsImpl.statusCode(ValidatableResponseOptionsImpl.java:89)
	at io.restassured.internal.ValidatableResponseImpl.super$2$statusCode(ValidatableResponseImpl.groovy)
	at java.base/jdk.internal.reflect.DirectMethodHandleAccessor.invoke(DirectMethodHandleAccessor.java:104)
	at java.base/java.lang.reflect.Method.invoke(Method.java:565)
	at org.codehaus.groovy.reflection.CachedMethod.invoke(CachedMethod.java:107)
	at groovy.lang.MetaMethod.doMethodInvoke(MetaMethod.java:323)
	at groovy.lang.MetaClassImpl.invokeMethod(MetaClassImpl.java:1268)
	at org.codehaus.groovy.runtime.ScriptBytecodeAdapter.invokeMethodOnSuperN(ScriptBytecodeAdapter.java:144)
	at io.restassured.internal.ValidatableResponseImpl.statusCode(ValidatableResponseImpl.groovy:142)
	at io.restassured.internal.ValidatableResponseImpl.statusCode(ValidatableResponseImpl.groovy)
	at StepDefinitions.GitHubAPISteps.the_response_status_code_should_be(GitHubAPISteps.java:102)
	at ✽.the response status code should be 422(file:///Users/anhthehoang/Desktop/learning-code/BDDCucumber/BDDCucumberTesting/src/test/resources/Features/Login.feature:43)
&amp#27;[0m
  &amp#27;[36mAnd &amp#27;[0m&amp#27;[36mthe response should contain validation errors&amp#27;[0m                    &amp#27;[90m# StepDefinitions.GitHubAPISteps.the_response_should_contain_validation_errors()&amp#27;[0m
]]></system-out>
  </testcase>
  <testcase name="PATCH - Update repository information" classname="GitHub REST API Testing" time="0.004">
    <error message="Cannot invoke &quot;java.lang.CharSequence.toString()&quot; because &quot;replacement&quot; is null" type="java.lang.NullPointerException"><![CDATA[java.lang.NullPointerException: Cannot invoke "java.lang.CharSequence.toString()" because "replacement" is null
	at java.base/java.lang.String.replace(String.java:3164)
	at StepDefinitions.GitHubAPISteps.i_send_a_patch_request_to_with_update_data(GitHubAPISteps.java:73)
	at ✽.I send a PATCH request to "/repos/{owner}/test-repo-api" with the update data(file:///Users/anhthehoang/Desktop/learning-code/BDDCucumber/BDDCucumberTesting/src/test/resources/Features/Login.feature:51)
]]></error>
    <system-out><![CDATA[
Scenario: PATCH - Update repository information                                                &amp#27;[90m# src/test/resources/Features/Login.feature:46&amp#27;[0m
Setting up GitHub API authentication
  &amp#27;[32mGiven &amp#27;[0m&amp#27;[32mI have a valid GitHub API token&amp#27;[0m                                                        &amp#27;[90m# StepDefinitions.GitHubAPISteps.i_have_a_valid_github_api_token()&amp#27;[0m
Base URI set to: https://api.github.com
  &amp#27;[32mAnd &amp#27;[0m&amp#27;[32mI set the base URI to "&amp#27;[0m&amp#27;[32m&amp#27;[1mhttps://api.github.com&amp#27;[0m&amp#27;[32m"&amp#27;[0m                                           &amp#27;[90m# StepDefinitions.GitHubAPISteps.i_set_the_base_uri_to(java.lang.String)&amp#27;[0m
Using existing repository: test-repo-api
  &amp#27;[32mGiven &amp#27;[0m&amp#27;[32mI have an existing repository "&amp#27;[0m&amp#27;[32m&amp#27;[1mtest-repo-api&amp#27;[0m&amp#27;[32m"&amp#27;[0m                                          &amp#27;[90m# StepDefinitions.GitHubAPISteps.i_have_an_existing_repository(java.lang.String)&amp#27;[0m
Update data prepared: {description=Updated description via API, private=true}
  &amp#27;[32mAnd &amp#27;[0m&amp#27;[32mI have update data:&amp#27;[0m                                                                      &amp#27;[90m# StepDefinitions.GitHubAPISteps.i_have_update_data(io.cucumber.datatable.DataTable)&amp#27;[0m
    | description | Updated description via API |
    | private     | true                        |
  &amp#27;[31mWhen &amp#27;[0m&amp#27;[31mI send a PATCH request to "&amp#27;[0m&amp#27;[31m&amp#27;[1m/repos/{owner}/test-repo-api&amp#27;[0m&amp#27;[31m" with the update data&amp#27;[0m           &amp#27;[90m# StepDefinitions.GitHubAPISteps.i_send_a_patch_request_to_with_update_data(java.lang.String)&amp#27;[0m
      &amp#27;[31mjava.lang.NullPointerException: Cannot invoke "java.lang.CharSequence.toString()" because "replacement" is null
	at java.base/java.lang.String.replace(String.java:3164)
	at StepDefinitions.GitHubAPISteps.i_send_a_patch_request_to_with_update_data(GitHubAPISteps.java:73)
	at ✽.I send a PATCH request to "/repos/{owner}/test-repo-api" with the update data(file:///Users/anhthehoang/Desktop/learning-code/BDDCucumber/BDDCucumberTesting/src/test/resources/Features/Login.feature:51)
&amp#27;[0m
  &amp#27;[36mThen &amp#27;[0m&amp#27;[36mthe response status code should be &amp#27;[0m&amp#27;[36m&amp#27;[1m200&amp#27;[0m                                                  &amp#27;[90m# StepDefinitions.GitHubAPISteps.the_response_status_code_should_be(int)&amp#27;[0m
  &amp#27;[36mAnd &amp#27;[0m&amp#27;[36mthe response should contain "&amp#27;[0m&amp#27;[36m&amp#27;[1mdescription&amp#27;[0m&amp#27;[36m" field with value "&amp#27;[0m&amp#27;[36m&amp#27;[1mUpdated description via API&amp#27;[0m&amp#27;[36m"&amp#27;[0m &amp#27;[90m# StepDefinitions.GitHubRepositoryAPISteps.the_response_should_contain_field_with_string_value(java.lang.String,java.lang.String)&amp#27;[0m
  &amp#27;[36mAnd &amp#27;[0m&amp#27;[36mthe response should contain "&amp#27;[0m&amp#27;[36m&amp#27;[1mprivate&amp#27;[0m&amp#27;[36m" field with value "&amp#27;[0m&amp#27;[36m&amp#27;[1mtrue&amp#27;[0m&amp#27;[36m"&amp#27;[0m                            &amp#27;[90m# StepDefinitions.GitHubRepositoryAPISteps.the_response_should_contain_field_with_string_value(java.lang.String,java.lang.String)&amp#27;[0m
]]></system-out>
  </testcase>
  <testcase name="DELETE - Delete a repository" classname="GitHub REST API Testing" time="0.004">
    <error message="Cannot invoke &quot;java.lang.CharSequence.toString()&quot; because &quot;replacement&quot; is null" type="java.lang.NullPointerException"><![CDATA[java.lang.NullPointerException: Cannot invoke "java.lang.CharSequence.toString()" because "replacement" is null
	at java.base/java.lang.String.replace(String.java:3164)
	at StepDefinitions.GitHubAPISteps.i_send_a_delete_request_to(GitHubAPISteps.java:89)
	at ✽.I send a DELETE request to "/repos/{owner}/test-repo-api"(file:///Users/anhthehoang/Desktop/learning-code/BDDCucumber/BDDCucumberTesting/src/test/resources/Features/Login.feature:58)
]]></error>
    <system-out><![CDATA[
Scenario: DELETE - Delete a repository                           &amp#27;[90m# src/test/resources/Features/Login.feature:56&amp#27;[0m
Setting up GitHub API authentication
  &amp#27;[32mGiven &amp#27;[0m&amp#27;[32mI have a valid GitHub API token&amp#27;[0m                          &amp#27;[90m# StepDefinitions.GitHubAPISteps.i_have_a_valid_github_api_token()&amp#27;[0m
Base URI set to: https://api.github.com
  &amp#27;[32mAnd &amp#27;[0m&amp#27;[32mI set the base URI to "&amp#27;[0m&amp#27;[32m&amp#27;[1mhttps://api.github.com&amp#27;[0m&amp#27;[32m"&amp#27;[0m             &amp#27;[90m# StepDefinitions.GitHubAPISteps.i_set_the_base_uri_to(java.lang.String)&amp#27;[0m
Using existing repository: test-repo-api
  &amp#27;[32mGiven &amp#27;[0m&amp#27;[32mI have an existing repository "&amp#27;[0m&amp#27;[32m&amp#27;[1mtest-repo-api&amp#27;[0m&amp#27;[32m"&amp#27;[0m            &amp#27;[90m# StepDefinitions.GitHubAPISteps.i_have_an_existing_repository(java.lang.String)&amp#27;[0m
  &amp#27;[31mWhen &amp#27;[0m&amp#27;[31mI send a DELETE request to "&amp#27;[0m&amp#27;[31m&amp#27;[1m/repos/{owner}/test-repo-api&amp#27;[0m&amp#27;[31m"&amp#27;[0m &amp#27;[90m# StepDefinitions.GitHubAPISteps.i_send_a_delete_request_to(java.lang.String)&amp#27;[0m
      &amp#27;[31mjava.lang.NullPointerException: Cannot invoke "java.lang.CharSequence.toString()" because "replacement" is null
	at java.base/java.lang.String.replace(String.java:3164)
	at StepDefinitions.GitHubAPISteps.i_send_a_delete_request_to(GitHubAPISteps.java:89)
	at ✽.I send a DELETE request to "/repos/{owner}/test-repo-api"(file:///Users/anhthehoang/Desktop/learning-code/BDDCucumber/BDDCucumberTesting/src/test/resources/Features/Login.feature:58)
&amp#27;[0m
  &amp#27;[36mThen &amp#27;[0m&amp#27;[36mthe response status code should be &amp#27;[0m&amp#27;[36m&amp#27;[1m204&amp#27;[0m                    &amp#27;[90m# StepDefinitions.GitHubAPISteps.the_response_status_code_should_be(int)&amp#27;[0m
  &amp#27;[36mAnd &amp#27;[0m&amp#27;[36mthe repository should no longer exist&amp#27;[0m                      &amp#27;[90m# StepDefinitions.GitHubAPISteps.the_repository_should_no_longer_exist()&amp#27;[0m
  &amp#27;[36mWhen &amp#27;[0m&amp#27;[36mI send a GET request to "&amp#27;[0m&amp#27;[36m&amp#27;[1m/repos/{owner}/test-repo-api&amp#27;[0m&amp#27;[36m"&amp#27;[0m    &amp#27;[90m# StepDefinitions.GitHubAPISteps.i_send_a_get_request_to(java.lang.String)&amp#27;[0m
  &amp#27;[36mThen &amp#27;[0m&amp#27;[36mthe response status code should be &amp#27;[0m&amp#27;[36m&amp#27;[1m404&amp#27;[0m                    &amp#27;[90m# StepDefinitions.GitHubAPISteps.the_response_status_code_should_be(int)&amp#27;[0m
]]></system-out>
  </testcase>
  <testcase name="GET - Retrieve repository branches" classname="GitHub Repository Management REST API Testing" time="0.013">
    <error message="Invalid number of path parameters. Expected 1, was 0. Undefined path parameters are: owner." type="java.lang.IllegalArgumentException"><![CDATA[java.lang.IllegalArgumentException: Invalid number of path parameters. Expected 1, was 0. Undefined path parameters are: owner.
	at java.base/jdk.internal.reflect.DirectConstructorHandleAccessor.newInstance(DirectConstructorHandleAccessor.java:62)
	at java.base/java.lang.reflect.Constructor.newInstanceWithCaller(Constructor.java:499)
	at java.base/java.lang.reflect.Constructor.newInstance(Constructor.java:483)
	at org.codehaus.groovy.reflection.CachedConstructor.invoke(CachedConstructor.java:72)
	at org.codehaus.groovy.reflection.CachedConstructor.doConstructorInvoke(CachedConstructor.java:59)
	at org.codehaus.groovy.runtime.callsite.ConstructorSite$ConstructorSiteNoUnwrap.callConstructor(ConstructorSite.java:84)
	at org.codehaus.groovy.runtime.callsite.CallSiteArray.defaultCallConstructor(CallSiteArray.java:59)
	at org.codehaus.groovy.runtime.callsite.AbstractCallSite.callConstructor(AbstractCallSite.java:263)
	at org.codehaus.groovy.runtime.callsite.AbstractCallSite.callConstructor(AbstractCallSite.java:277)
	at io.restassured.internal.RequestSpecificationImpl.assertCorrectNumberOfPathParams(RequestSpecificationImpl.groovy:1248)
	at java.base/jdk.internal.reflect.DirectMethodHandleAccessor.invoke(DirectMethodHandleAccessor.java:104)
	at java.base/java.lang.reflect.Method.invoke(Method.java:565)
	at org.codehaus.groovy.reflection.CachedMethod.invoke(CachedMethod.java:107)
	at groovy.lang.MetaMethod.doMethodInvoke(MetaMethod.java:323)
	at groovy.lang.MetaClassImpl.invokeMethod(MetaClassImpl.java:1268)
	at groovy.lang.MetaClassImpl.invokeMethod(MetaClassImpl.java:1035)
	at groovy.lang.MetaClassImpl.invokeMethod(MetaClassImpl.java:819)
	at groovy.lang.GroovyObject.invokeMethod(GroovyObject.java:39)
	at org.codehaus.groovy.runtime.callsite.PogoInterceptableSite.call(PogoInterceptableSite.java:45)
	at org.codehaus.groovy.runtime.callsite.PogoInterceptableSite.callCurrent(PogoInterceptableSite.java:55)
	at org.codehaus.groovy.runtime.callsite.AbstractCallSite.callCurrent(AbstractCallSite.java:176)
	at io.restassured.internal.RequestSpecificationImpl.sendRequest(RequestSpecificationImpl.groovy:1135)
	at java.base/jdk.internal.reflect.DirectMethodHandleAccessor.invoke(DirectMethodHandleAccessor.java:104)
	at java.base/java.lang.reflect.Method.invoke(Method.java:565)
	at org.codehaus.groovy.reflection.CachedMethod.invoke(CachedMethod.java:107)
	at groovy.lang.MetaMethod.doMethodInvoke(MetaMethod.java:323)
	at groovy.lang.MetaClassImpl.invokeMethod(MetaClassImpl.java:1268)
	at groovy.lang.MetaClassImpl.invokeMethod(MetaClassImpl.java:1035)
	at groovy.lang.MetaClassImpl.invokeMethod(MetaClassImpl.java:819)
	at groovy.lang.GroovyObject.invokeMethod(GroovyObject.java:39)
	at org.codehaus.groovy.runtime.callsite.PogoInterceptableSite.call(PogoInterceptableSite.java:45)
	at org.codehaus.groovy.runtime.callsite.AbstractCallSite.call(AbstractCallSite.java:166)
	at io.restassured.internal.filter.SendRequestFilter.filter(SendRequestFilter.groovy:30)
	at io.restassured.filter.Filter$filter$0.call(Unknown Source)
	at org.codehaus.groovy.runtime.callsite.CallSiteArray.defaultCall(CallSiteArray.java:47)
	at io.restassured.filter.Filter$filter.call(Unknown Source)
	at io.restassured.internal.filter.FilterContextImpl.next(FilterContextImpl.groovy:72)
	at io.restassured.filter.time.TimingFilter.filter(TimingFilter.java:56)
	at io.restassured.filter.Filter$filter.call(Unknown Source)
	at org.codehaus.groovy.runtime.callsite.CallSiteArray.defaultCall(CallSiteArray.java:47)
	at io.restassured.filter.Filter$filter$0.call(Unknown Source)
	at io.restassured.internal.filter.FilterContextImpl.next(FilterContextImpl.groovy:72)
	at io.restassured.filter.FilterContext$next.call(Unknown Source)
	at io.restassured.internal.RequestSpecificationImpl.applyPathParamsAndSendRequest(RequestSpecificationImpl.groovy:1655)
	at java.base/jdk.internal.reflect.DirectMethodHandleAccessor.invoke(DirectMethodHandleAccessor.java:104)
	at java.base/java.lang.reflect.Method.invoke(Method.java:565)
	at org.codehaus.groovy.reflection.CachedMethod.invoke(CachedMethod.java:107)
	at groovy.lang.MetaMethod.doMethodInvoke(MetaMethod.java:323)
	at groovy.lang.MetaClassImpl.invokeMethod(MetaClassImpl.java:1268)
	at groovy.lang.MetaClassImpl.invokeMethod(MetaClassImpl.java:1035)
	at groovy.lang.MetaClassImpl.invokeMethod(MetaClassImpl.java:819)
	at groovy.lang.GroovyObject.invokeMethod(GroovyObject.java:39)
	at org.codehaus.groovy.runtime.callsite.PogoInterceptableSite.call(PogoInterceptableSite.java:45)
	at org.codehaus.groovy.runtime.callsite.PogoInterceptableSite.callCurrent(PogoInterceptableSite.java:55)
	at org.codehaus.groovy.runtime.callsite.AbstractCallSite.callCurrent(AbstractCallSite.java:203)
	at io.restassured.internal.RequestSpecificationImpl.applyPathParamsAndSendRequest(RequestSpecificationImpl.groovy:1661)
	at java.base/jdk.internal.reflect.DirectMethodHandleAccessor.invoke(DirectMethodHandleAccessor.java:104)
	at java.base/java.lang.reflect.Method.invoke(Method.java:565)
	at org.codehaus.groovy.reflection.CachedMethod.invoke(CachedMethod.java:107)
	at groovy.lang.MetaMethod.doMethodInvoke(MetaMethod.java:323)
	at groovy.lang.MetaClassImpl.invokeMethod(MetaClassImpl.java:1268)
	at groovy.lang.MetaClassImpl.invokeMethod(MetaClassImpl.java:1035)
	at groovy.lang.MetaClassImpl.invokeMethod(MetaClassImpl.java:819)
	at groovy.lang.GroovyObject.invokeMethod(GroovyObject.java:39)
	at org.codehaus.groovy.runtime.callsite.PogoInterceptableSite.call(PogoInterceptableSite.java:45)
	at org.codehaus.groovy.runtime.callsite.PogoInterceptableSite.callCurrent(PogoInterceptableSite.java:55)
	at org.codehaus.groovy.runtime.callsite.AbstractCallSite.callCurrent(AbstractCallSite.java:203)
	at io.restassured.internal.RequestSpecificationImpl.get(RequestSpecificationImpl.groovy:171)
	at io.restassured.internal.RequestSpecificationImpl.get(RequestSpecificationImpl.groovy)
	at StepDefinitions.GitHubAPISteps.i_send_a_get_request_to(GitHubAPISteps.java:52)
	at ✽.I send a GET request to "/repos/{owner}/test-repo-api/branches"(file:///Users/anhthehoang/Desktop/learning-code/BDDCucumber/BDDCucumberTesting/src/test/resources/Features/UserProfile.feature:9)
]]></error>
    <system-out><![CDATA[
Scenario: GET - Retrieve repository branches                           &amp#27;[90m# src/test/resources/Features/UserProfile.feature:8&amp#27;[0m
Setting up GitHub API authentication
  &amp#27;[32mGiven &amp#27;[0m&amp#27;[32mI have a valid GitHub API token&amp#27;[0m                                &amp#27;[90m# StepDefinitions.GitHubAPISteps.i_have_a_valid_github_api_token()&amp#27;[0m
Base URI set to: https://api.github.com
  &amp#27;[32mAnd &amp#27;[0m&amp#27;[32mI set the base URI to "&amp#27;[0m&amp#27;[32m&amp#27;[1mhttps://api.github.com&amp#27;[0m&amp#27;[32m"&amp#27;[0m                   &amp#27;[90m# StepDefinitions.GitHubAPISteps.i_set_the_base_uri_to(java.lang.String)&amp#27;[0m
Using test repository: test-repo-api
  &amp#27;[32mAnd &amp#27;[0m&amp#27;[32mI have a test repository "&amp#27;[0m&amp#27;[32m&amp#27;[1mtest-repo-api&amp#27;[0m&amp#27;[32m"&amp#27;[0m                         &amp#27;[90m# StepDefinitions.GitHubIssuesAPISteps.i_have_a_test_repository(java.lang.String)&amp#27;[0m
  &amp#27;[31mWhen &amp#27;[0m&amp#27;[31mI send a GET request to "&amp#27;[0m&amp#27;[31m&amp#27;[1m/repos/{owner}/test-repo-api/branches&amp#27;[0m&amp#27;[31m"&amp#27;[0m &amp#27;[90m# StepDefinitions.GitHubAPISteps.i_send_a_get_request_to(java.lang.String)&amp#27;[0m
      &amp#27;[31mjava.lang.IllegalArgumentException: Invalid number of path parameters. Expected 1, was 0. Undefined path parameters are: owner.
	at java.base/jdk.internal.reflect.DirectConstructorHandleAccessor.newInstance(DirectConstructorHandleAccessor.java:62)
	at java.base/java.lang.reflect.Constructor.newInstanceWithCaller(Constructor.java:499)
	at java.base/java.lang.reflect.Constructor.newInstance(Constructor.java:483)
	at org.codehaus.groovy.reflection.CachedConstructor.invoke(CachedConstructor.java:72)
	at org.codehaus.groovy.reflection.CachedConstructor.doConstructorInvoke(CachedConstructor.java:59)
	at org.codehaus.groovy.runtime.callsite.ConstructorSite$ConstructorSiteNoUnwrap.callConstructor(ConstructorSite.java:84)
	at org.codehaus.groovy.runtime.callsite.CallSiteArray.defaultCallConstructor(CallSiteArray.java:59)
	at org.codehaus.groovy.runtime.callsite.AbstractCallSite.callConstructor(AbstractCallSite.java:263)
	at org.codehaus.groovy.runtime.callsite.AbstractCallSite.callConstructor(AbstractCallSite.java:277)
	at io.restassured.internal.RequestSpecificationImpl.assertCorrectNumberOfPathParams(RequestSpecificationImpl.groovy:1248)
	at java.base/jdk.internal.reflect.DirectMethodHandleAccessor.invoke(DirectMethodHandleAccessor.java:104)
	at java.base/java.lang.reflect.Method.invoke(Method.java:565)
	at org.codehaus.groovy.reflection.CachedMethod.invoke(CachedMethod.java:107)
	at groovy.lang.MetaMethod.doMethodInvoke(MetaMethod.java:323)
	at groovy.lang.MetaClassImpl.invokeMethod(MetaClassImpl.java:1268)
	at groovy.lang.MetaClassImpl.invokeMethod(MetaClassImpl.java:1035)
	at groovy.lang.MetaClassImpl.invokeMethod(MetaClassImpl.java:819)
	at groovy.lang.GroovyObject.invokeMethod(GroovyObject.java:39)
	at org.codehaus.groovy.runtime.callsite.PogoInterceptableSite.call(PogoInterceptableSite.java:45)
	at org.codehaus.groovy.runtime.callsite.PogoInterceptableSite.callCurrent(PogoInterceptableSite.java:55)
	at org.codehaus.groovy.runtime.callsite.AbstractCallSite.callCurrent(AbstractCallSite.java:176)
	at io.restassured.internal.RequestSpecificationImpl.sendRequest(RequestSpecificationImpl.groovy:1135)
	at java.base/jdk.internal.reflect.DirectMethodHandleAccessor.invoke(DirectMethodHandleAccessor.java:104)
	at java.base/java.lang.reflect.Method.invoke(Method.java:565)
	at org.codehaus.groovy.reflection.CachedMethod.invoke(CachedMethod.java:107)
	at groovy.lang.MetaMethod.doMethodInvoke(MetaMethod.java:323)
	at groovy.lang.MetaClassImpl.invokeMethod(MetaClassImpl.java:1268)
	at groovy.lang.MetaClassImpl.invokeMethod(MetaClassImpl.java:1035)
	at groovy.lang.MetaClassImpl.invokeMethod(MetaClassImpl.java:819)
	at groovy.lang.GroovyObject.invokeMethod(GroovyObject.java:39)
	at org.codehaus.groovy.runtime.callsite.PogoInterceptableSite.call(PogoInterceptableSite.java:45)
	at org.codehaus.groovy.runtime.callsite.AbstractCallSite.call(AbstractCallSite.java:166)
	at io.restassured.internal.filter.SendRequestFilter.filter(SendRequestFilter.groovy:30)
	at io.restassured.filter.Filter$filter$0.call(Unknown Source)
	at org.codehaus.groovy.runtime.callsite.CallSiteArray.defaultCall(CallSiteArray.java:47)
	at io.restassured.filter.Filter$filter.call(Unknown Source)
	at io.restassured.internal.filter.FilterContextImpl.next(FilterContextImpl.groovy:72)
	at io.restassured.filter.time.TimingFilter.filter(TimingFilter.java:56)
	at io.restassured.filter.Filter$filter.call(Unknown Source)
	at org.codehaus.groovy.runtime.callsite.CallSiteArray.defaultCall(CallSiteArray.java:47)
	at io.restassured.filter.Filter$filter$0.call(Unknown Source)
	at io.restassured.internal.filter.FilterContextImpl.next(FilterContextImpl.groovy:72)
	at io.restassured.filter.FilterContext$next.call(Unknown Source)
	at io.restassured.internal.RequestSpecificationImpl.applyPathParamsAndSendRequest(RequestSpecificationImpl.groovy:1655)
	at java.base/jdk.internal.reflect.DirectMethodHandleAccessor.invoke(DirectMethodHandleAccessor.java:104)
	at java.base/java.lang.reflect.Method.invoke(Method.java:565)
	at org.codehaus.groovy.reflection.CachedMethod.invoke(CachedMethod.java:107)
	at groovy.lang.MetaMethod.doMethodInvoke(MetaMethod.java:323)
	at groovy.lang.MetaClassImpl.invokeMethod(MetaClassImpl.java:1268)
	at groovy.lang.MetaClassImpl.invokeMethod(MetaClassImpl.java:1035)
	at groovy.lang.MetaClassImpl.invokeMethod(MetaClassImpl.java:819)
	at groovy.lang.GroovyObject.invokeMethod(GroovyObject.java:39)
	at org.codehaus.groovy.runtime.callsite.PogoInterceptableSite.call(PogoInterceptableSite.java:45)
	at org.codehaus.groovy.runtime.callsite.PogoInterceptableSite.callCurrent(PogoInterceptableSite.java:55)
	at org.codehaus.groovy.runtime.callsite.AbstractCallSite.callCurrent(AbstractCallSite.java:203)
	at io.restassured.internal.RequestSpecificationImpl.applyPathParamsAndSendRequest(RequestSpecificationImpl.groovy:1661)
	at java.base/jdk.internal.reflect.DirectMethodHandleAccessor.invoke(DirectMethodHandleAccessor.java:104)
	at java.base/java.lang.reflect.Method.invoke(Method.java:565)
	at org.codehaus.groovy.reflection.CachedMethod.invoke(CachedMethod.java:107)
	at groovy.lang.MetaMethod.doMethodInvoke(MetaMethod.java:323)
	at groovy.lang.MetaClassImpl.invokeMethod(MetaClassImpl.java:1268)
	at groovy.lang.MetaClassImpl.invokeMethod(MetaClassImpl.java:1035)
	at groovy.lang.MetaClassImpl.invokeMethod(MetaClassImpl.java:819)
	at groovy.lang.GroovyObject.invokeMethod(GroovyObject.java:39)
	at org.codehaus.groovy.runtime.callsite.PogoInterceptableSite.call(PogoInterceptableSite.java:45)
	at org.codehaus.groovy.runtime.callsite.PogoInterceptableSite.callCurrent(PogoInterceptableSite.java:55)
	at org.codehaus.groovy.runtime.callsite.AbstractCallSite.callCurrent(AbstractCallSite.java:203)
	at io.restassured.internal.RequestSpecificationImpl.get(RequestSpecificationImpl.groovy:171)
	at io.restassured.internal.RequestSpecificationImpl.get(RequestSpecificationImpl.groovy)
	at StepDefinitions.GitHubAPISteps.i_send_a_get_request_to(GitHubAPISteps.java:52)
	at ✽.I send a GET request to "/repos/{owner}/test-repo-api/branches"(file:///Users/anhthehoang/Desktop/learning-code/BDDCucumber/BDDCucumberTesting/src/test/resources/Features/UserProfile.feature:9)
&amp#27;[0m
  &amp#27;[36mThen &amp#27;[0m&amp#27;[36mthe response status code should be &amp#27;[0m&amp#27;[36m&amp#27;[1m200&amp#27;[0m                          &amp#27;[90m# StepDefinitions.GitHubAPISteps.the_response_status_code_should_be(int)&amp#27;[0m
  &amp#27;[36mAnd &amp#27;[0m&amp#27;[36mthe response should be a JSON array&amp#27;[0m                              &amp#27;[90m# StepDefinitions.GitHubIssuesAPISteps.the_response_should_be_a_json_array()&amp#27;[0m
  &amp#27;[36mAnd &amp#27;[0m&amp#27;[36meach branch should have "&amp#27;[0m&amp#27;[36m&amp#27;[1mname&amp#27;[0m&amp#27;[36m" field&amp#27;[0m                             &amp#27;[90m# StepDefinitions.GitHubRepositoryAPISteps.each_branch_should_have_field(java.lang.String)&amp#27;[0m
  &amp#27;[36mAnd &amp#27;[0m&amp#27;[36meach branch should have "&amp#27;[0m&amp#27;[36m&amp#27;[1mcommit&amp#27;[0m&amp#27;[36m" field&amp#27;[0m                           &amp#27;[90m# StepDefinitions.GitHubRepositoryAPISteps.each_branch_should_have_field(java.lang.String)&amp#27;[0m
  &amp#27;[36mAnd &amp#27;[0m&amp#27;[36mthe response should contain a branch named "&amp#27;[0m&amp#27;[36m&amp#27;[1mmain&amp#27;[0m&amp#27;[36m"&amp#27;[0m                &amp#27;[90m# StepDefinitions.GitHubRepositoryAPISteps.the_response_should_contain_a_branch_named(java.lang.String)&amp#27;[0m
]]></system-out>
  </testcase>
  <testcase name="GET - Retrieve a specific branch" classname="GitHub Repository Management REST API Testing" time="0.006">
    <error message="Invalid number of path parameters. Expected 1, was 0. Undefined path parameters are: owner." type="java.lang.IllegalArgumentException"><![CDATA[java.lang.IllegalArgumentException: Invalid number of path parameters. Expected 1, was 0. Undefined path parameters are: owner.
	at java.base/jdk.internal.reflect.DirectConstructorHandleAccessor.newInstance(DirectConstructorHandleAccessor.java:62)
	at java.base/java.lang.reflect.Constructor.newInstanceWithCaller(Constructor.java:499)
	at java.base/java.lang.reflect.Constructor.newInstance(Constructor.java:483)
	at org.codehaus.groovy.reflection.CachedConstructor.invoke(CachedConstructor.java:72)
	at org.codehaus.groovy.reflection.CachedConstructor.doConstructorInvoke(CachedConstructor.java:59)
	at org.codehaus.groovy.runtime.callsite.ConstructorSite$ConstructorSiteNoUnwrap.callConstructor(ConstructorSite.java:84)
	at org.codehaus.groovy.runtime.callsite.AbstractCallSite.callConstructor(AbstractCallSite.java:277)
	at io.restassured.internal.RequestSpecificationImpl.assertCorrectNumberOfPathParams(RequestSpecificationImpl.groovy:1248)
	at java.base/jdk.internal.reflect.DirectMethodHandleAccessor.invoke(DirectMethodHandleAccessor.java:104)
	at java.base/java.lang.reflect.Method.invoke(Method.java:565)
	at org.codehaus.groovy.reflection.CachedMethod.invoke(CachedMethod.java:107)
	at groovy.lang.MetaMethod.doMethodInvoke(MetaMethod.java:323)
	at groovy.lang.MetaClassImpl.invokeMethod(MetaClassImpl.java:1268)
	at groovy.lang.MetaClassImpl.invokeMethod(MetaClassImpl.java:1035)
	at groovy.lang.MetaClassImpl.invokeMethod(MetaClassImpl.java:819)
	at groovy.lang.GroovyObject.invokeMethod(GroovyObject.java:39)
	at org.codehaus.groovy.runtime.callsite.PogoInterceptableSite.call(PogoInterceptableSite.java:45)
	at org.codehaus.groovy.runtime.callsite.PogoInterceptableSite.callCurrent(PogoInterceptableSite.java:55)
	at org.codehaus.groovy.runtime.callsite.AbstractCallSite.callCurrent(AbstractCallSite.java:176)
	at io.restassured.internal.RequestSpecificationImpl.sendRequest(RequestSpecificationImpl.groovy:1135)
	at java.base/jdk.internal.reflect.DirectMethodHandleAccessor.invoke(DirectMethodHandleAccessor.java:104)
	at java.base/java.lang.reflect.Method.invoke(Method.java:565)
	at org.codehaus.groovy.reflection.CachedMethod.invoke(CachedMethod.java:107)
	at groovy.lang.MetaMethod.doMethodInvoke(MetaMethod.java:323)
	at groovy.lang.MetaClassImpl.invokeMethod(MetaClassImpl.java:1268)
	at groovy.lang.MetaClassImpl.invokeMethod(MetaClassImpl.java:1035)
	at groovy.lang.MetaClassImpl.invokeMethod(MetaClassImpl.java:819)
	at groovy.lang.GroovyObject.invokeMethod(GroovyObject.java:39)
	at org.codehaus.groovy.runtime.callsite.PogoInterceptableSite.call(PogoInterceptableSite.java:45)
	at org.codehaus.groovy.runtime.callsite.AbstractCallSite.call(AbstractCallSite.java:166)
	at io.restassured.internal.filter.SendRequestFilter.filter(SendRequestFilter.groovy:30)
	at io.restassured.filter.Filter$filter$0.call(Unknown Source)
	at org.codehaus.groovy.runtime.callsite.CallSiteArray.defaultCall(CallSiteArray.java:47)
	at io.restassured.filter.Filter$filter.call(Unknown Source)
	at io.restassured.internal.filter.FilterContextImpl.next(FilterContextImpl.groovy:72)
	at io.restassured.filter.time.TimingFilter.filter(TimingFilter.java:56)
	at io.restassured.filter.Filter$filter.call(Unknown Source)
	at org.codehaus.groovy.runtime.callsite.CallSiteArray.defaultCall(CallSiteArray.java:47)
	at io.restassured.filter.Filter$filter$0.call(Unknown Source)
	at io.restassured.internal.filter.FilterContextImpl.next(FilterContextImpl.groovy:72)
	at io.restassured.filter.FilterContext$next.call(Unknown Source)
	at io.restassured.internal.RequestSpecificationImpl.applyPathParamsAndSendRequest(RequestSpecificationImpl.groovy:1655)
	at java.base/jdk.internal.reflect.DirectMethodHandleAccessor.invoke(DirectMethodHandleAccessor.java:104)
	at java.base/java.lang.reflect.Method.invoke(Method.java:565)
	at org.codehaus.groovy.reflection.CachedMethod.invoke(CachedMethod.java:107)
	at groovy.lang.MetaMethod.doMethodInvoke(MetaMethod.java:323)
	at groovy.lang.MetaClassImpl.invokeMethod(MetaClassImpl.java:1268)
	at groovy.lang.MetaClassImpl.invokeMethod(MetaClassImpl.java:1035)
	at groovy.lang.MetaClassImpl.invokeMethod(MetaClassImpl.java:819)
	at groovy.lang.GroovyObject.invokeMethod(GroovyObject.java:39)
	at org.codehaus.groovy.runtime.callsite.PogoInterceptableSite.call(PogoInterceptableSite.java:45)
	at org.codehaus.groovy.runtime.callsite.PogoInterceptableSite.callCurrent(PogoInterceptableSite.java:55)
	at org.codehaus.groovy.runtime.callsite.AbstractCallSite.callCurrent(AbstractCallSite.java:203)
	at io.restassured.internal.RequestSpecificationImpl.applyPathParamsAndSendRequest(RequestSpecificationImpl.groovy:1661)
	at java.base/jdk.internal.reflect.DirectMethodHandleAccessor.invoke(DirectMethodHandleAccessor.java:104)
	at java.base/java.lang.reflect.Method.invoke(Method.java:565)
	at org.codehaus.groovy.reflection.CachedMethod.invoke(CachedMethod.java:107)
	at groovy.lang.MetaMethod.doMethodInvoke(MetaMethod.java:323)
	at groovy.lang.MetaClassImpl.invokeMethod(MetaClassImpl.java:1268)
	at groovy.lang.MetaClassImpl.invokeMethod(MetaClassImpl.java:1035)
	at groovy.lang.MetaClassImpl.invokeMethod(MetaClassImpl.java:819)
	at groovy.lang.GroovyObject.invokeMethod(GroovyObject.java:39)
	at org.codehaus.groovy.runtime.callsite.PogoInterceptableSite.call(PogoInterceptableSite.java:45)
	at org.codehaus.groovy.runtime.callsite.PogoInterceptableSite.callCurrent(PogoInterceptableSite.java:55)
	at org.codehaus.groovy.runtime.callsite.AbstractCallSite.callCurrent(AbstractCallSite.java:203)
	at io.restassured.internal.RequestSpecificationImpl.get(RequestSpecificationImpl.groovy:171)
	at io.restassured.internal.RequestSpecificationImpl.get(RequestSpecificationImpl.groovy)
	at StepDefinitions.GitHubAPISteps.i_send_a_get_request_to(GitHubAPISteps.java:52)
	at ✽.I send a GET request to "/repos/{owner}/test-repo-api/branches/main"(file:///Users/anhthehoang/Desktop/learning-code/BDDCucumber/BDDCucumberTesting/src/test/resources/Features/UserProfile.feature:17)
]]></error>
    <system-out><![CDATA[
Scenario: GET - Retrieve a specific branch                                  &amp#27;[90m# src/test/resources/Features/UserProfile.feature:16&amp#27;[0m
Setting up GitHub API authentication
  &amp#27;[32mGiven &amp#27;[0m&amp#27;[32mI have a valid GitHub API token&amp#27;[0m                                     &amp#27;[90m# StepDefinitions.GitHubAPISteps.i_have_a_valid_github_api_token()&amp#27;[0m
Base URI set to: https://api.github.com
  &amp#27;[32mAnd &amp#27;[0m&amp#27;[32mI set the base URI to "&amp#27;[0m&amp#27;[32m&amp#27;[1mhttps://api.github.com&amp#27;[0m&amp#27;[32m"&amp#27;[0m                        &amp#27;[90m# StepDefinitions.GitHubAPISteps.i_set_the_base_uri_to(java.lang.String)&amp#27;[0m
Using test repository: test-repo-api
  &amp#27;[32mAnd &amp#27;[0m&amp#27;[32mI have a test repository "&amp#27;[0m&amp#27;[32m&amp#27;[1mtest-repo-api&amp#27;[0m&amp#27;[32m"&amp#27;[0m                              &amp#27;[90m# StepDefinitions.GitHubIssuesAPISteps.i_have_a_test_repository(java.lang.String)&amp#27;[0m
  &amp#27;[31mWhen &amp#27;[0m&amp#27;[31mI send a GET request to "&amp#27;[0m&amp#27;[31m&amp#27;[1m/repos/{owner}/test-repo-api/branches/main&amp#27;[0m&amp#27;[31m"&amp#27;[0m &amp#27;[90m# StepDefinitions.GitHubAPISteps.i_send_a_get_request_to(java.lang.String)&amp#27;[0m
      &amp#27;[31mjava.lang.IllegalArgumentException: Invalid number of path parameters. Expected 1, was 0. Undefined path parameters are: owner.
	at java.base/jdk.internal.reflect.DirectConstructorHandleAccessor.newInstance(DirectConstructorHandleAccessor.java:62)
	at java.base/java.lang.reflect.Constructor.newInstanceWithCaller(Constructor.java:499)
	at java.base/java.lang.reflect.Constructor.newInstance(Constructor.java:483)
	at org.codehaus.groovy.reflection.CachedConstructor.invoke(CachedConstructor.java:72)
	at org.codehaus.groovy.reflection.CachedConstructor.doConstructorInvoke(CachedConstructor.java:59)
	at org.codehaus.groovy.runtime.callsite.ConstructorSite$ConstructorSiteNoUnwrap.callConstructor(ConstructorSite.java:84)
	at org.codehaus.groovy.runtime.callsite.AbstractCallSite.callConstructor(AbstractCallSite.java:277)
	at io.restassured.internal.RequestSpecificationImpl.assertCorrectNumberOfPathParams(RequestSpecificationImpl.groovy:1248)
	at java.base/jdk.internal.reflect.DirectMethodHandleAccessor.invoke(DirectMethodHandleAccessor.java:104)
	at java.base/java.lang.reflect.Method.invoke(Method.java:565)
	at org.codehaus.groovy.reflection.CachedMethod.invoke(CachedMethod.java:107)
	at groovy.lang.MetaMethod.doMethodInvoke(MetaMethod.java:323)
	at groovy.lang.MetaClassImpl.invokeMethod(MetaClassImpl.java:1268)
	at groovy.lang.MetaClassImpl.invokeMethod(MetaClassImpl.java:1035)
	at groovy.lang.MetaClassImpl.invokeMethod(MetaClassImpl.java:819)
	at groovy.lang.GroovyObject.invokeMethod(GroovyObject.java:39)
	at org.codehaus.groovy.runtime.callsite.PogoInterceptableSite.call(PogoInterceptableSite.java:45)
	at org.codehaus.groovy.runtime.callsite.PogoInterceptableSite.callCurrent(PogoInterceptableSite.java:55)
	at org.codehaus.groovy.runtime.callsite.AbstractCallSite.callCurrent(AbstractCallSite.java:176)
	at io.restassured.internal.RequestSpecificationImpl.sendRequest(RequestSpecificationImpl.groovy:1135)
	at java.base/jdk.internal.reflect.DirectMethodHandleAccessor.invoke(DirectMethodHandleAccessor.java:104)
	at java.base/java.lang.reflect.Method.invoke(Method.java:565)
	at org.codehaus.groovy.reflection.CachedMethod.invoke(CachedMethod.java:107)
	at groovy.lang.MetaMethod.doMethodInvoke(MetaMethod.java:323)
	at groovy.lang.MetaClassImpl.invokeMethod(MetaClassImpl.java:1268)
	at groovy.lang.MetaClassImpl.invokeMethod(MetaClassImpl.java:1035)
	at groovy.lang.MetaClassImpl.invokeMethod(MetaClassImpl.java:819)
	at groovy.lang.GroovyObject.invokeMethod(GroovyObject.java:39)
	at org.codehaus.groovy.runtime.callsite.PogoInterceptableSite.call(PogoInterceptableSite.java:45)
	at org.codehaus.groovy.runtime.callsite.AbstractCallSite.call(AbstractCallSite.java:166)
	at io.restassured.internal.filter.SendRequestFilter.filter(SendRequestFilter.groovy:30)
	at io.restassured.filter.Filter$filter$0.call(Unknown Source)
	at org.codehaus.groovy.runtime.callsite.CallSiteArray.defaultCall(CallSiteArray.java:47)
	at io.restassured.filter.Filter$filter.call(Unknown Source)
	at io.restassured.internal.filter.FilterContextImpl.next(FilterContextImpl.groovy:72)
	at io.restassured.filter.time.TimingFilter.filter(TimingFilter.java:56)
	at io.restassured.filter.Filter$filter.call(Unknown Source)
	at org.codehaus.groovy.runtime.callsite.CallSiteArray.defaultCall(CallSiteArray.java:47)
	at io.restassured.filter.Filter$filter$0.call(Unknown Source)
	at io.restassured.internal.filter.FilterContextImpl.next(FilterContextImpl.groovy:72)
	at io.restassured.filter.FilterContext$next.call(Unknown Source)
	at io.restassured.internal.RequestSpecificationImpl.applyPathParamsAndSendRequest(RequestSpecificationImpl.groovy:1655)
	at java.base/jdk.internal.reflect.DirectMethodHandleAccessor.invoke(DirectMethodHandleAccessor.java:104)
	at java.base/java.lang.reflect.Method.invoke(Method.java:565)
	at org.codehaus.groovy.reflection.CachedMethod.invoke(CachedMethod.java:107)
	at groovy.lang.MetaMethod.doMethodInvoke(MetaMethod.java:323)
	at groovy.lang.MetaClassImpl.invokeMethod(MetaClassImpl.java:1268)
	at groovy.lang.MetaClassImpl.invokeMethod(MetaClassImpl.java:1035)
	at groovy.lang.MetaClassImpl.invokeMethod(MetaClassImpl.java:819)
	at groovy.lang.GroovyObject.invokeMethod(GroovyObject.java:39)
	at org.codehaus.groovy.runtime.callsite.PogoInterceptableSite.call(PogoInterceptableSite.java:45)
	at org.codehaus.groovy.runtime.callsite.PogoInterceptableSite.callCurrent(PogoInterceptableSite.java:55)
	at org.codehaus.groovy.runtime.callsite.AbstractCallSite.callCurrent(AbstractCallSite.java:203)
	at io.restassured.internal.RequestSpecificationImpl.applyPathParamsAndSendRequest(RequestSpecificationImpl.groovy:1661)
	at java.base/jdk.internal.reflect.DirectMethodHandleAccessor.invoke(DirectMethodHandleAccessor.java:104)
	at java.base/java.lang.reflect.Method.invoke(Method.java:565)
	at org.codehaus.groovy.reflection.CachedMethod.invoke(CachedMethod.java:107)
	at groovy.lang.MetaMethod.doMethodInvoke(MetaMethod.java:323)
	at groovy.lang.MetaClassImpl.invokeMethod(MetaClassImpl.java:1268)
	at groovy.lang.MetaClassImpl.invokeMethod(MetaClassImpl.java:1035)
	at groovy.lang.MetaClassImpl.invokeMethod(MetaClassImpl.java:819)
	at groovy.lang.GroovyObject.invokeMethod(GroovyObject.java:39)
	at org.codehaus.groovy.runtime.callsite.PogoInterceptableSite.call(PogoInterceptableSite.java:45)
	at org.codehaus.groovy.runtime.callsite.PogoInterceptableSite.callCurrent(PogoInterceptableSite.java:55)
	at org.codehaus.groovy.runtime.callsite.AbstractCallSite.callCurrent(AbstractCallSite.java:203)
	at io.restassured.internal.RequestSpecificationImpl.get(RequestSpecificationImpl.groovy:171)
	at io.restassured.internal.RequestSpecificationImpl.get(RequestSpecificationImpl.groovy)
	at StepDefinitions.GitHubAPISteps.i_send_a_get_request_to(GitHubAPISteps.java:52)
	at ✽.I send a GET request to "/repos/{owner}/test-repo-api/branches/main"(file:///Users/anhthehoang/Desktop/learning-code/BDDCucumber/BDDCucumberTesting/src/test/resources/Features/UserProfile.feature:17)
&amp#27;[0m
  &amp#27;[36mThen &amp#27;[0m&amp#27;[36mthe response status code should be &amp#27;[0m&amp#27;[36m&amp#27;[1m200&amp#27;[0m                               &amp#27;[90m# StepDefinitions.GitHubAPISteps.the_response_status_code_should_be(int)&amp#27;[0m
  &amp#27;[36mAnd &amp#27;[0m&amp#27;[36mthe response should contain "&amp#27;[0m&amp#27;[36m&amp#27;[1mname&amp#27;[0m&amp#27;[36m" field with value "&amp#27;[0m&amp#27;[36m&amp#27;[1mmain&amp#27;[0m&amp#27;[36m"&amp#27;[0m            &amp#27;[90m# StepDefinitions.GitHubRepositoryAPISteps.the_response_should_contain_field_with_string_value(java.lang.String,java.lang.String)&amp#27;[0m
  &amp#27;[36mAnd &amp#27;[0m&amp#27;[36mthe response should contain "&amp#27;[0m&amp#27;[36m&amp#27;[1mcommit&amp#27;[0m&amp#27;[36m" field&amp#27;[0m                            &amp#27;[90m# StepDefinitions.GitHubAPISteps.the_response_should_contain_field(java.lang.String)&amp#27;[0m
  &amp#27;[36mAnd &amp#27;[0m&amp#27;[36mthe response should contain "&amp#27;[0m&amp#27;[36m&amp#27;[1mprotected&amp#27;[0m&amp#27;[36m" field&amp#27;[0m                         &amp#27;[90m# StepDefinitions.GitHubAPISteps.the_response_should_contain_field(java.lang.String)&amp#27;[0m
]]></system-out>
  </testcase>
  <testcase name="GET - Retrieve repository collaborators" classname="GitHub Repository Management REST API Testing" time="0.007">
    <error message="Invalid number of path parameters. Expected 1, was 0. Undefined path parameters are: owner." type="java.lang.IllegalArgumentException"><![CDATA[java.lang.IllegalArgumentException: Invalid number of path parameters. Expected 1, was 0. Undefined path parameters are: owner.
	at java.base/jdk.internal.reflect.DirectConstructorHandleAccessor.newInstance(DirectConstructorHandleAccessor.java:62)
	at java.base/java.lang.reflect.Constructor.newInstanceWithCaller(Constructor.java:499)
	at java.base/java.lang.reflect.Constructor.newInstance(Constructor.java:483)
	at org.codehaus.groovy.reflection.CachedConstructor.invoke(CachedConstructor.java:72)
	at org.codehaus.groovy.reflection.CachedConstructor.doConstructorInvoke(CachedConstructor.java:59)
	at org.codehaus.groovy.runtime.callsite.ConstructorSite$ConstructorSiteNoUnwrap.callConstructor(ConstructorSite.java:84)
	at org.codehaus.groovy.runtime.callsite.AbstractCallSite.callConstructor(AbstractCallSite.java:277)
	at io.restassured.internal.RequestSpecificationImpl.assertCorrectNumberOfPathParams(RequestSpecificationImpl.groovy:1248)
	at java.base/jdk.internal.reflect.DirectMethodHandleAccessor.invoke(DirectMethodHandleAccessor.java:104)
	at java.base/java.lang.reflect.Method.invoke(Method.java:565)
	at org.codehaus.groovy.reflection.CachedMethod.invoke(CachedMethod.java:107)
	at groovy.lang.MetaMethod.doMethodInvoke(MetaMethod.java:323)
	at groovy.lang.MetaClassImpl.invokeMethod(MetaClassImpl.java:1268)
	at groovy.lang.MetaClassImpl.invokeMethod(MetaClassImpl.java:1035)
	at groovy.lang.MetaClassImpl.invokeMethod(MetaClassImpl.java:819)
	at groovy.lang.GroovyObject.invokeMethod(GroovyObject.java:39)
	at org.codehaus.groovy.runtime.callsite.PogoInterceptableSite.call(PogoInterceptableSite.java:45)
	at org.codehaus.groovy.runtime.callsite.PogoInterceptableSite.callCurrent(PogoInterceptableSite.java:55)
	at org.codehaus.groovy.runtime.callsite.AbstractCallSite.callCurrent(AbstractCallSite.java:176)
	at io.restassured.internal.RequestSpecificationImpl.sendRequest(RequestSpecificationImpl.groovy:1135)
	at java.base/jdk.internal.reflect.DirectMethodHandleAccessor.invoke(DirectMethodHandleAccessor.java:104)
	at java.base/java.lang.reflect.Method.invoke(Method.java:565)
	at org.codehaus.groovy.reflection.CachedMethod.invoke(CachedMethod.java:107)
	at groovy.lang.MetaMethod.doMethodInvoke(MetaMethod.java:323)
	at groovy.lang.MetaClassImpl.invokeMethod(MetaClassImpl.java:1268)
	at groovy.lang.MetaClassImpl.invokeMethod(MetaClassImpl.java:1035)
	at groovy.lang.MetaClassImpl.invokeMethod(MetaClassImpl.java:819)
	at groovy.lang.GroovyObject.invokeMethod(GroovyObject.java:39)
	at org.codehaus.groovy.runtime.callsite.PogoInterceptableSite.call(PogoInterceptableSite.java:45)
	at org.codehaus.groovy.runtime.callsite.AbstractCallSite.call(AbstractCallSite.java:166)
	at io.restassured.internal.filter.SendRequestFilter.filter(SendRequestFilter.groovy:30)
	at io.restassured.filter.Filter$filter$0.call(Unknown Source)
	at org.codehaus.groovy.runtime.callsite.CallSiteArray.defaultCall(CallSiteArray.java:47)
	at io.restassured.filter.Filter$filter.call(Unknown Source)
	at io.restassured.internal.filter.FilterContextImpl.next(FilterContextImpl.groovy:72)
	at io.restassured.filter.time.TimingFilter.filter(TimingFilter.java:56)
	at io.restassured.filter.Filter$filter.call(Unknown Source)
	at org.codehaus.groovy.runtime.callsite.CallSiteArray.defaultCall(CallSiteArray.java:47)
	at io.restassured.filter.Filter$filter$0.call(Unknown Source)
	at io.restassured.internal.filter.FilterContextImpl.next(FilterContextImpl.groovy:72)
	at io.restassured.filter.FilterContext$next.call(Unknown Source)
	at io.restassured.internal.RequestSpecificationImpl.applyPathParamsAndSendRequest(RequestSpecificationImpl.groovy:1655)
	at java.base/jdk.internal.reflect.DirectMethodHandleAccessor.invoke(DirectMethodHandleAccessor.java:104)
	at java.base/java.lang.reflect.Method.invoke(Method.java:565)
	at org.codehaus.groovy.reflection.CachedMethod.invoke(CachedMethod.java:107)
	at groovy.lang.MetaMethod.doMethodInvoke(MetaMethod.java:323)
	at groovy.lang.MetaClassImpl.invokeMethod(MetaClassImpl.java:1268)
	at groovy.lang.MetaClassImpl.invokeMethod(MetaClassImpl.java:1035)
	at groovy.lang.MetaClassImpl.invokeMethod(MetaClassImpl.java:819)
	at groovy.lang.GroovyObject.invokeMethod(GroovyObject.java:39)
	at org.codehaus.groovy.runtime.callsite.PogoInterceptableSite.call(PogoInterceptableSite.java:45)
	at org.codehaus.groovy.runtime.callsite.PogoInterceptableSite.callCurrent(PogoInterceptableSite.java:55)
	at org.codehaus.groovy.runtime.callsite.AbstractCallSite.callCurrent(AbstractCallSite.java:203)
	at io.restassured.internal.RequestSpecificationImpl.applyPathParamsAndSendRequest(RequestSpecificationImpl.groovy:1661)
	at java.base/jdk.internal.reflect.DirectMethodHandleAccessor.invoke(DirectMethodHandleAccessor.java:104)
	at java.base/java.lang.reflect.Method.invoke(Method.java:565)
	at org.codehaus.groovy.reflection.CachedMethod.invoke(CachedMethod.java:107)
	at groovy.lang.MetaMethod.doMethodInvoke(MetaMethod.java:323)
	at groovy.lang.MetaClassImpl.invokeMethod(MetaClassImpl.java:1268)
	at groovy.lang.MetaClassImpl.invokeMethod(MetaClassImpl.java:1035)
	at groovy.lang.MetaClassImpl.invokeMethod(MetaClassImpl.java:819)
	at groovy.lang.GroovyObject.invokeMethod(GroovyObject.java:39)
	at org.codehaus.groovy.runtime.callsite.PogoInterceptableSite.call(PogoInterceptableSite.java:45)
	at org.codehaus.groovy.runtime.callsite.PogoInterceptableSite.callCurrent(PogoInterceptableSite.java:55)
	at org.codehaus.groovy.runtime.callsite.AbstractCallSite.callCurrent(AbstractCallSite.java:203)
	at io.restassured.internal.RequestSpecificationImpl.get(RequestSpecificationImpl.groovy:171)
	at io.restassured.internal.RequestSpecificationImpl.get(RequestSpecificationImpl.groovy)
	at StepDefinitions.GitHubAPISteps.i_send_a_get_request_to(GitHubAPISteps.java:52)
	at ✽.I send a GET request to "/repos/{owner}/test-repo-api/collaborators"(file:///Users/anhthehoang/Desktop/learning-code/BDDCucumber/BDDCucumberTesting/src/test/resources/Features/UserProfile.feature:24)
]]></error>
    <system-out><![CDATA[
Scenario: GET - Retrieve repository collaborators                           &amp#27;[90m# src/test/resources/Features/UserProfile.feature:23&amp#27;[0m
Setting up GitHub API authentication
  &amp#27;[32mGiven &amp#27;[0m&amp#27;[32mI have a valid GitHub API token&amp#27;[0m                                     &amp#27;[90m# StepDefinitions.GitHubAPISteps.i_have_a_valid_github_api_token()&amp#27;[0m
Base URI set to: https://api.github.com
  &amp#27;[32mAnd &amp#27;[0m&amp#27;[32mI set the base URI to "&amp#27;[0m&amp#27;[32m&amp#27;[1mhttps://api.github.com&amp#27;[0m&amp#27;[32m"&amp#27;[0m                        &amp#27;[90m# StepDefinitions.GitHubAPISteps.i_set_the_base_uri_to(java.lang.String)&amp#27;[0m
Using test repository: test-repo-api
  &amp#27;[32mAnd &amp#27;[0m&amp#27;[32mI have a test repository "&amp#27;[0m&amp#27;[32m&amp#27;[1mtest-repo-api&amp#27;[0m&amp#27;[32m"&amp#27;[0m                              &amp#27;[90m# StepDefinitions.GitHubIssuesAPISteps.i_have_a_test_repository(java.lang.String)&amp#27;[0m
  &amp#27;[31mWhen &amp#27;[0m&amp#27;[31mI send a GET request to "&amp#27;[0m&amp#27;[31m&amp#27;[1m/repos/{owner}/test-repo-api/collaborators&amp#27;[0m&amp#27;[31m"&amp#27;[0m &amp#27;[90m# StepDefinitions.GitHubAPISteps.i_send_a_get_request_to(java.lang.String)&amp#27;[0m
      &amp#27;[31mjava.lang.IllegalArgumentException: Invalid number of path parameters. Expected 1, was 0. Undefined path parameters are: owner.
	at java.base/jdk.internal.reflect.DirectConstructorHandleAccessor.newInstance(DirectConstructorHandleAccessor.java:62)
	at java.base/java.lang.reflect.Constructor.newInstanceWithCaller(Constructor.java:499)
	at java.base/java.lang.reflect.Constructor.newInstance(Constructor.java:483)
	at org.codehaus.groovy.reflection.CachedConstructor.invoke(CachedConstructor.java:72)
	at org.codehaus.groovy.reflection.CachedConstructor.doConstructorInvoke(CachedConstructor.java:59)
	at org.codehaus.groovy.runtime.callsite.ConstructorSite$ConstructorSiteNoUnwrap.callConstructor(ConstructorSite.java:84)
	at org.codehaus.groovy.runtime.callsite.AbstractCallSite.callConstructor(AbstractCallSite.java:277)
	at io.restassured.internal.RequestSpecificationImpl.assertCorrectNumberOfPathParams(RequestSpecificationImpl.groovy:1248)
	at java.base/jdk.internal.reflect.DirectMethodHandleAccessor.invoke(DirectMethodHandleAccessor.java:104)
	at java.base/java.lang.reflect.Method.invoke(Method.java:565)
	at org.codehaus.groovy.reflection.CachedMethod.invoke(CachedMethod.java:107)
	at groovy.lang.MetaMethod.doMethodInvoke(MetaMethod.java:323)
	at groovy.lang.MetaClassImpl.invokeMethod(MetaClassImpl.java:1268)
	at groovy.lang.MetaClassImpl.invokeMethod(MetaClassImpl.java:1035)
	at groovy.lang.MetaClassImpl.invokeMethod(MetaClassImpl.java:819)
	at groovy.lang.GroovyObject.invokeMethod(GroovyObject.java:39)
	at org.codehaus.groovy.runtime.callsite.PogoInterceptableSite.call(PogoInterceptableSite.java:45)
	at org.codehaus.groovy.runtime.callsite.PogoInterceptableSite.callCurrent(PogoInterceptableSite.java:55)
	at org.codehaus.groovy.runtime.callsite.AbstractCallSite.callCurrent(AbstractCallSite.java:176)
	at io.restassured.internal.RequestSpecificationImpl.sendRequest(RequestSpecificationImpl.groovy:1135)
	at java.base/jdk.internal.reflect.DirectMethodHandleAccessor.invoke(DirectMethodHandleAccessor.java:104)
	at java.base/java.lang.reflect.Method.invoke(Method.java:565)
	at org.codehaus.groovy.reflection.CachedMethod.invoke(CachedMethod.java:107)
	at groovy.lang.MetaMethod.doMethodInvoke(MetaMethod.java:323)
	at groovy.lang.MetaClassImpl.invokeMethod(MetaClassImpl.java:1268)
	at groovy.lang.MetaClassImpl.invokeMethod(MetaClassImpl.java:1035)
	at groovy.lang.MetaClassImpl.invokeMethod(MetaClassImpl.java:819)
[...]
  &amp#27;[36mAnd &amp#27;[0m&amp#27;[36meach comment should have "&amp#27;[0m&amp#27;[36m&amp#27;[1muser&amp#27;[0m&amp#27;[36m" field&amp#27;[0m                                                &amp#27;[90m# StepDefinitions.GitHubIssuesAPISteps.each_comment_should_have_field(java.lang.String)&amp#27;[0m
]]></system-out>
  </testcase>
  <testcase name="POST - Add comment to an issue" classname="GitHub Issues REST API Testing" time="0.249">
    <error message="Cannot invoke &quot;io.restassured.response.Response.then()&quot; because &quot;this.response&quot; is null" type="java.lang.NullPointerException"><![CDATA[java.lang.NullPointerException: Cannot invoke "io.restassured.response.Response.then()" because "this.response" is null
	at StepDefinitions.GitHubAPISteps.the_response_status_code_should_be(GitHubAPISteps.java:102)
	at ✽.the response status code should be 201(file:///Users/anhthehoang/Desktop/learning-code/BDDCucumber/BDDCucumberTesting/src/test/resources/Features/UserRegistration.feature:80)
]]></error>
    <system-out><![CDATA[
Scenario: POST - Add comment to an issue                                                               &amp#27;[90m# src/test/resources/Features/UserRegistration.feature:75&amp#27;[0m
Setting up GitHub API authentication
  &amp#27;[32mGiven &amp#27;[0m&amp#27;[32mI have a valid GitHub API token&amp#27;[0m                                                                &amp#27;[90m# StepDefinitions.GitHubAPISteps.i_have_a_valid_github_api_token()&amp#27;[0m
Base URI set to: https://api.github.com
  &amp#27;[32mAnd &amp#27;[0m&amp#27;[32mI set the base URI to "&amp#27;[0m&amp#27;[32m&amp#27;[1mhttps://api.github.com&amp#27;[0m&amp#27;[32m"&amp#27;[0m                                                   &amp#27;[90m# StepDefinitions.GitHubAPISteps.i_set_the_base_uri_to(java.lang.String)&amp#27;[0m
Using test repository: test-repo-api
  &amp#27;[32mAnd &amp#27;[0m&amp#27;[32mI have a test repository "&amp#27;[0m&amp#27;[32m&amp#27;[1mtest-repo-api&amp#27;[0m&amp#27;[32m"&amp#27;[0m                                                         &amp#27;[90m# StepDefinitions.GitHubIssuesAPISteps.i_have_a_test_repository(java.lang.String)&amp#27;[0m
Using existing issue number: 1
  &amp#27;[32mGiven &amp#27;[0m&amp#27;[32mI have an existing issue with number &amp#27;[0m&amp#27;[32m&amp#27;[1m1&amp#27;[0m                                                         &amp#27;[90m# StepDefinitions.GitHubIssuesAPISteps.i_have_an_existing_issue_with_number(int)&amp#27;[0m
Comment data prepared: {body=This is a test comment added via API}
  &amp#27;[32mAnd &amp#27;[0m&amp#27;[32mI have comment data:&amp#27;[0m                                                                             &amp#27;[90m# StepDefinitions.GitHubIssuesAPISteps.i_have_comment_data(io.cucumber.datatable.DataTable)&amp#27;[0m
    | body | This is a test comment added via API |
POST request sent to: /repos/testuser/test-repo-api/issues/1/comments
Response status: 404
  &amp#27;[32mWhen &amp#27;[0m&amp#27;[32mI send a POST request to "&amp#27;[0m&amp#27;[32m&amp#27;[1m/repos/{owner}/test-repo-api/issues/1/comments&amp#27;[0m&amp#27;[32m" with the comment data&amp#27;[0m &amp#27;[90m# StepDefinitions.GitHubIssuesAPISteps.i_send_a_post_request_with_comment_data(java.lang.String)&amp#27;[0m
  &amp#27;[31mThen &amp#27;[0m&amp#27;[31mthe response status code should be &amp#27;[0m&amp#27;[31m&amp#27;[1m201&amp#27;[0m                                                          &amp#27;[90m# StepDefinitions.GitHubAPISteps.the_response_status_code_should_be(int)&amp#27;[0m
      &amp#27;[31mjava.lang.NullPointerException: Cannot invoke "io.restassured.response.Response.then()" because "this.response" is null
	at StepDefinitions.GitHubAPISteps.the_response_status_code_should_be(GitHubAPISteps.java:102)
	at ✽.the response status code should be 201(file:///Users/anhthehoang/Desktop/learning-code/BDDCucumber/BDDCucumberTesting/src/test/resources/Features/UserRegistration.feature:80)
&amp#27;[0m
  &amp#27;[36mAnd &amp#27;[0m&amp#27;[36mthe response should contain "&amp#27;[0m&amp#27;[36m&amp#27;[1mbody&amp#27;[0m&amp#27;[36m" field with value "&amp#27;[0m&amp#27;[36m&amp#27;[1mThis is a test comment added via API&amp#27;[0m&amp#27;[36m"&amp#27;[0m       &amp#27;[90m# StepDefinitions.GitHubRepositoryAPISteps.the_response_should_contain_field_with_string_value(java.lang.String,java.lang.String)&amp#27;[0m
  &amp#27;[36mAnd &amp#27;[0m&amp#27;[36mthe response should contain "&amp#27;[0m&amp#27;[36m&amp#27;[1mid&amp#27;[0m&amp#27;[36m" field&amp#27;[0m                                                           &amp#27;[90m# StepDefinitions.GitHubAPISteps.the_response_should_contain_field(java.lang.String)&amp#27;[0m
]]></system-out>
  </testcase>
  <testcase name="Create issues with different labels #1" classname="GitHub Issues REST API Testing" time="0.02">
    <error message="The step &apos;I have issue data with title &quot;Bug report issue&quot; and labels &quot;[&quot;bug&quot;]&quot;&apos; is undefined.&#10;You can implement this step using the snippet(s) below:&#10;&#10;@Given(&quot;I have issue data with title {string} and labels \&quot;[\&quot;bug\&quot;]\&quot;&quot;)&#10;public void i_have_issue_data_with_title_and_labels_bug(String string) {&#10;    // Write code here that turns the phrase above into concrete actions&#10;    throw new io.cucumber.java.PendingException();&#10;}&#10;" type="io.cucumber.junit.UndefinedStepException"><![CDATA[io.cucumber.junit.UndefinedStepException: 
The step 'I have issue data with title "Bug report issue" and labels "["bug"]"' is undefined.
You can implement this step using the snippet(s) below:

@Given("I have issue data with title {string} and labels \"[\"bug\"]\"")
public void i_have_issue_data_with_title_and_labels_bug(String string) {
    // Write code here that turns the phrase above into concrete actions
    throw new io.cucumber.java.PendingException();
}

]]></error>
    <system-out><![CDATA[
Scenario Outline: Create issues with different labels                                     &amp#27;[90m# src/test/resources/Features/UserRegistration.feature:93&amp#27;[0m
Setting up GitHub API authentication
  &amp#27;[32mGiven &amp#27;[0m&amp#27;[32mI have a valid GitHub API token&amp#27;[0m                                                   &amp#27;[90m# StepDefinitions.GitHubAPISteps.i_have_a_valid_github_api_token()&amp#27;[0m
Base URI set to: https://api.github.com
  &amp#27;[32mAnd &amp#27;[0m&amp#27;[32mI set the base URI to "&amp#27;[0m&amp#27;[32m&amp#27;[1mhttps://api.github.com&amp#27;[0m&amp#27;[32m"&amp#27;[0m                                      &amp#27;[90m# StepDefinitions.GitHubAPISteps.i_set_the_base_uri_to(java.lang.String)&amp#27;[0m
Using test repository: test-repo-api
  &amp#27;[32mAnd &amp#27;[0m&amp#27;[32mI have a test repository "&amp#27;[0m&amp#27;[32m&amp#27;[1mtest-repo-api&amp#27;[0m&amp#27;[32m"&amp#27;[0m                                            &amp#27;[90m# StepDefinitions.GitHubIssuesAPISteps.i_have_a_test_repository(java.lang.String)&amp#27;[0m
  &amp#27;[33mGiven &amp#27;[0m&amp#27;[33mI have issue data with title "Bug report issue" and labels "["bug"]"&amp#27;[0m
  &amp#27;[36mWhen &amp#27;[0m&amp#27;[36mI send a POST request to "&amp#27;[0m&amp#27;[36m&amp#27;[1m/repos/{owner}/test-repo-api/issues&amp#27;[0m&amp#27;[36m" with the issue data&amp#27;[0m &amp#27;[90m# StepDefinitions.GitHubIssuesAPISteps.i_send_a_post_request_with_issue_data(java.lang.String)&amp#27;[0m
  &amp#27;[36mThen &amp#27;[0m&amp#27;[36mthe response status code should be &amp#27;[0m&amp#27;[36m&amp#27;[1m201&amp#27;[0m                                             &amp#27;[90m# StepDefinitions.GitHubAPISteps.the_response_status_code_should_be(int)&amp#27;[0m
  &amp#27;[36mAnd &amp#27;[0m&amp#27;[36mthe response should contain "&amp#27;[0m&amp#27;[36m&amp#27;[1mtitle&amp#27;[0m&amp#27;[36m" field with value "&amp#27;[0m&amp#27;[36m&amp#27;[1mBug report issue&amp#27;[0m&amp#27;[36m"&amp#27;[0m             &amp#27;[90m# StepDefinitions.GitHubRepositoryAPISteps.the_response_should_contain_field_with_string_value(java.lang.String,java.lang.String)&amp#27;[0m
  &amp#27;[36mAnd &amp#27;[0m&amp#27;[36mthe response should contain the specified labels&amp#27;[0m                                    &amp#27;[90m# StepDefinitions.GitHubIssuesAPISteps.the_response_should_contain_the_specified_labels()&amp#27;[0m
]]></system-out>
  </testcase>
  <testcase name="Create issues with different labels #2" classname="GitHub Issues REST API Testing" time="0.002">
    <error message="The step &apos;I have issue data with title &quot;Feature request issue&quot; and labels &quot;[&quot;enhancement&quot;]&quot;&apos; is undefined.&#10;You can implement this step using the snippet(s) below:&#10;&#10;@Given(&quot;I have issue data with title {string} and labels \&quot;[\&quot;enhancement\&quot;]\&quot;&quot;)&#10;public void i_have_issue_data_with_title_and_labels_enhancement(String string) {&#10;    // Write code here that turns the phrase above into concrete actions&#10;    throw new io.cucumber.java.PendingException();&#10;}&#10;" type="io.cucumber.junit.UndefinedStepException"><![CDATA[io.cucumber.junit.UndefinedStepException: 
The step 'I have issue data with title "Feature request issue" and labels "["enhancement"]"' is undefined.
You can implement this step using the snippet(s) below:

@Given("I have issue data with title {string} and labels \"[\"enhancement\"]\"")
public void i_have_issue_data_with_title_and_labels_enhancement(String string) {
    // Write code here that turns the phrase above into concrete actions
    throw new io.cucumber.java.PendingException();
}

]]></error>
    <system-out><![CDATA[
Scenario Outline: Create issues with different labels                                     &amp#27;[90m# src/test/resources/Features/UserRegistration.feature:94&amp#27;[0m
Setting up GitHub API authentication
  &amp#27;[32mGiven &amp#27;[0m&amp#27;[32mI have a valid GitHub API token&amp#27;[0m                                                   &amp#27;[90m# StepDefinitions.GitHubAPISteps.i_have_a_valid_github_api_token()&amp#27;[0m
Base URI set to: https://api.github.com
  &amp#27;[32mAnd &amp#27;[0m&amp#27;[32mI set the base URI to "&amp#27;[0m&amp#27;[32m&amp#27;[1mhttps://api.github.com&amp#27;[0m&amp#27;[32m"&amp#27;[0m                                      &amp#27;[90m# StepDefinitions.GitHubAPISteps.i_set_the_base_uri_to(java.lang.String)&amp#27;[0m
Using test repository: test-repo-api
  &amp#27;[32mAnd &amp#27;[0m&amp#27;[32mI have a test repository "&amp#27;[0m&amp#27;[32m&amp#27;[1mtest-repo-api&amp#27;[0m&amp#27;[32m"&amp#27;[0m                                            &amp#27;[90m# StepDefinitions.GitHubIssuesAPISteps.i_have_a_test_repository(java.lang.String)&amp#27;[0m
  &amp#27;[33mGiven &amp#27;[0m&amp#27;[33mI have issue data with title "Feature request issue" and labels "["enhancement"]"&amp#27;[0m
  &amp#27;[36mWhen &amp#27;[0m&amp#27;[36mI send a POST request to "&amp#27;[0m&amp#27;[36m&amp#27;[1m/repos/{owner}/test-repo-api/issues&amp#27;[0m&amp#27;[36m" with the issue data&amp#27;[0m &amp#27;[90m# StepDefinitions.GitHubIssuesAPISteps.i_send_a_post_request_with_issue_data(java.lang.String)&amp#27;[0m
  &amp#27;[36mThen &amp#27;[0m&amp#27;[36mthe response status code should be &amp#27;[0m&amp#27;[36m&amp#27;[1m201&amp#27;[0m                                             &amp#27;[90m# StepDefinitions.GitHubAPISteps.the_response_status_code_should_be(int)&amp#27;[0m
  &amp#27;[36mAnd &amp#27;[0m&amp#27;[36mthe response should contain "&amp#27;[0m&amp#27;[36m&amp#27;[1mtitle&amp#27;[0m&amp#27;[36m" field with value "&amp#27;[0m&amp#27;[36m&amp#27;[1mFeature request issue&amp#27;[0m&amp#27;[36m"&amp#27;[0m        &amp#27;[90m# StepDefinitions.GitHubRepositoryAPISteps.the_response_should_contain_field_with_string_value(java.lang.String,java.lang.String)&amp#27;[0m
  &amp#27;[36mAnd &amp#27;[0m&amp#27;[36mthe response should contain the specified labels&amp#27;[0m                                    &amp#27;[90m# StepDefinitions.GitHubIssuesAPISteps.the_response_should_contain_the_specified_labels()&amp#27;[0m
]]></system-out>
  </testcase>
  <testcase name="Create issues with different labels #3" classname="GitHub Issues REST API Testing" time="0.002">
    <error message="The step &apos;I have issue data with title &quot;Documentation issue&quot; and labels &quot;[&quot;documentation&quot;]&quot;&apos; is undefined.&#10;You can implement this step using the snippet(s) below:&#10;&#10;@Given(&quot;I have issue data with title {string} and labels \&quot;[\&quot;documentation\&quot;]\&quot;&quot;)&#10;public void i_have_issue_data_with_title_and_labels_documentation(String string) {&#10;    // Write code here that turns the phrase above into concrete actions&#10;    throw new io.cucumber.java.PendingException();&#10;}&#10;" type="io.cucumber.junit.UndefinedStepException"><![CDATA[io.cucumber.junit.UndefinedStepException: 
The step 'I have issue data with title "Documentation issue" and labels "["documentation"]"' is undefined.
You can implement this step using the snippet(s) below:

@Given("I have issue data with title {string} and labels \"[\"documentation\"]\"")
public void i_have_issue_data_with_title_and_labels_documentation(String string) {
    // Write code here that turns the phrase above into concrete actions
    throw new io.cucumber.java.PendingException();
}

]]></error>
    <system-out><![CDATA[
Scenario Outline: Create issues with different labels                                     &amp#27;[90m# src/test/resources/Features/UserRegistration.feature:95&amp#27;[0m
Setting up GitHub API authentication
  &amp#27;[32mGiven &amp#27;[0m&amp#27;[32mI have a valid GitHub API token&amp#27;[0m                                                   &amp#27;[90m# StepDefinitions.GitHubAPISteps.i_have_a_valid_github_api_token()&amp#27;[0m
Base URI set to: https://api.github.com
  &amp#27;[32mAnd &amp#27;[0m&amp#27;[32mI set the base URI to "&amp#27;[0m&amp#27;[32m&amp#27;[1mhttps://api.github.com&amp#27;[0m&amp#27;[32m"&amp#27;[0m                                      &amp#27;[90m# StepDefinitions.GitHubAPISteps.i_set_the_base_uri_to(java.lang.String)&amp#27;[0m
Using test repository: test-repo-api
  &amp#27;[32mAnd &amp#27;[0m&amp#27;[32mI have a test repository "&amp#27;[0m&amp#27;[32m&amp#27;[1mtest-repo-api&amp#27;[0m&amp#27;[32m"&amp#27;[0m                                            &amp#27;[90m# StepDefinitions.GitHubIssuesAPISteps.i_have_a_test_repository(java.lang.String)&amp#27;[0m
  &amp#27;[33mGiven &amp#27;[0m&amp#27;[33mI have issue data with title "Documentation issue" and labels "["documentation"]"&amp#27;[0m
  &amp#27;[36mWhen &amp#27;[0m&amp#27;[36mI send a POST request to "&amp#27;[0m&amp#27;[36m&amp#27;[1m/repos/{owner}/test-repo-api/issues&amp#27;[0m&amp#27;[36m" with the issue data&amp#27;[0m &amp#27;[90m# StepDefinitions.GitHubIssuesAPISteps.i_send_a_post_request_with_issue_data(java.lang.String)&amp#27;[0m
  &amp#27;[36mThen &amp#27;[0m&amp#27;[36mthe response status code should be &amp#27;[0m&amp#27;[36m&amp#27;[1m201&amp#27;[0m                                             &amp#27;[90m# StepDefinitions.GitHubAPISteps.the_response_status_code_should_be(int)&amp#27;[0m
  &amp#27;[36mAnd &amp#27;[0m&amp#27;[36mthe response should contain "&amp#27;[0m&amp#27;[36m&amp#27;[1mtitle&amp#27;[0m&amp#27;[36m" field with value "&amp#27;[0m&amp#27;[36m&amp#27;[1mDocumentation issue&amp#27;[0m&amp#27;[36m"&amp#27;[0m          &amp#27;[90m# StepDefinitions.GitHubRepositoryAPISteps.the_response_should_contain_field_with_string_value(java.lang.String,java.lang.String)&amp#27;[0m
  &amp#27;[36mAnd &amp#27;[0m&amp#27;[36mthe response should contain the specified labels&amp#27;[0m                                    &amp#27;[90m# StepDefinitions.GitHubIssuesAPISteps.the_response_should_contain_the_specified_labels()&amp#27;[0m
]]></system-out>
  </testcase>
  <testcase name="Create issues with different labels #4" classname="GitHub Issues REST API Testing" time="0.001">
    <error message="The step &apos;I have issue data with title &quot;Help wanted issue&quot; and labels &quot;[&quot;help wanted&quot;]&quot;&apos; is undefined.&#10;You can implement this step using the snippet(s) below:&#10;&#10;@Given(&quot;I have issue data with title {string} and labels \&quot;[\&quot;help wanted\&quot;]\&quot;&quot;)&#10;public void i_have_issue_data_with_title_and_labels_help_wanted(String string) {&#10;    // Write code here that turns the phrase above into concrete actions&#10;    throw new io.cucumber.java.PendingException();&#10;}&#10;" type="io.cucumber.junit.UndefinedStepException"><![CDATA[io.cucumber.junit.UndefinedStepException: 
The step 'I have issue data with title "Help wanted issue" and labels "["help wanted"]"' is undefined.
You can implement this step using the snippet(s) below:

@Given("I have issue data with title {string} and labels \"[\"help wanted\"]\"")
public void i_have_issue_data_with_title_and_labels_help_wanted(String string) {
    // Write code here that turns the phrase above into concrete actions
    throw new io.cucumber.java.PendingException();
}

]]></error>
    <system-out><![CDATA[
Scenario Outline: Create issues with different labels                                     &amp#27;[90m# src/test/resources/Features/UserRegistration.feature:96&amp#27;[0m
Setting up GitHub API authentication
  &amp#27;[32mGiven &amp#27;[0m&amp#27;[32mI have a valid GitHub API token&amp#27;[0m                                                   &amp#27;[90m# StepDefinitions.GitHubAPISteps.i_have_a_valid_github_api_token()&amp#27;[0m
Base URI set to: https://api.github.com
  &amp#27;[32mAnd &amp#27;[0m&amp#27;[32mI set the base URI to "&amp#27;[0m&amp#27;[32m&amp#27;[1mhttps://api.github.com&amp#27;[0m&amp#27;[32m"&amp#27;[0m                                      &amp#27;[90m# StepDefinitions.GitHubAPISteps.i_set_the_base_uri_to(java.lang.String)&amp#27;[0m
Using test repository: test-repo-api
  &amp#27;[32mAnd &amp#27;[0m&amp#27;[32mI have a test repository "&amp#27;[0m&amp#27;[32m&amp#27;[1mtest-repo-api&amp#27;[0m&amp#27;[32m"&amp#27;[0m                                            &amp#27;[90m# StepDefinitions.GitHubIssuesAPISteps.i_have_a_test_repository(java.lang.String)&amp#27;[0m
  &amp#27;[33mGiven &amp#27;[0m&amp#27;[33mI have issue data with title "Help wanted issue" and labels "["help wanted"]"&amp#27;[0m
  &amp#27;[36mWhen &amp#27;[0m&amp#27;[36mI send a POST request to "&amp#27;[0m&amp#27;[36m&amp#27;[1m/repos/{owner}/test-repo-api/issues&amp#27;[0m&amp#27;[36m" with the issue data&amp#27;[0m &amp#27;[90m# StepDefinitions.GitHubIssuesAPISteps.i_send_a_post_request_with_issue_data(java.lang.String)&amp#27;[0m
  &amp#27;[36mThen &amp#27;[0m&amp#27;[36mthe response status code should be &amp#27;[0m&amp#27;[36m&amp#27;[1m201&amp#27;[0m                                             &amp#27;[90m# StepDefinitions.GitHubAPISteps.the_response_status_code_should_be(int)&amp#27;[0m
  &amp#27;[36mAnd &amp#27;[0m&amp#27;[36mthe response should contain "&amp#27;[0m&amp#27;[36m&amp#27;[1mtitle&amp#27;[0m&amp#27;[36m" field with value "&amp#27;[0m&amp#27;[36m&amp#27;[1mHelp wanted issue&amp#27;[0m&amp#27;[36m"&amp#27;[0m            &amp#27;[90m# StepDefinitions.GitHubRepositoryAPISteps.the_response_should_contain_field_with_string_value(java.lang.String,java.lang.String)&amp#27;[0m
  &amp#27;[36mAnd &amp#27;[0m&amp#27;[36mthe response should contain the specified labels&amp#27;[0m                                    &amp#27;[90m# StepDefinitions.GitHubIssuesAPISteps.the_response_should_contain_the_specified_labels()&amp#27;[0m
]]></system-out>
  </testcase>
</testsuite>