<?xml version="1.0" encoding="UTF-8"?>
<testsuite xmlns:xsi="http://www.w3.org/2001/XMLSchema-instance" xsi:noNamespaceSchemaLocation="https://maven.apache.org/surefire/maven-surefire-plugin/xsd/surefire-test-report-3.0.xsd" version="3.0" name="MyTestRunner.TestRunner" time="0.471" tests="27" errors="0" skipped="0" failures="0">
  <properties>
[...]
</properties>
  <testcase name="Successful User Login" classname="Login Application feature" time="0.058">
    <system-out><![CDATA[
Scenario: Successful User Login                &amp#27;[90m# src/test/resources/Features/Login.feature:3&amp#27;[0m
User is on Application Home Page
  &amp#27;[32mGiven &amp#27;[0m&amp#27;[32mUser is on Application Home Page&amp#27;[0m       &amp#27;[90m# StepDefinitions.LoginSteps.user_application_home_page()&amp#27;[0m
Verifying application page title is FREE CRM
  &amp#27;[32mWhen &amp#27;[0m&amp#27;[32mApplication Page Title is FREE CRM&amp#27;[0m      &amp#27;[90m# StepDefinitions.LoginSteps.application_page_title_is_free_crm()&amp#27;[0m
Entering valid username and password
  &amp#27;[32mThen &amp#27;[0m&amp#27;[32muser enters valid username and password&amp#27;[0m &amp#27;[90m# StepDefinitions.LoginSteps.user_enters_valid_username_and_password()&amp#27;[0m
Clicking on Login Button
  &amp#27;[32mAnd &amp#27;[0m&amp#27;[32muser clicks on Login Button&amp#27;[0m              &amp#27;[90m# StepDefinitions.LoginSteps.user_clicks_on_login_button()&amp#27;[0m
User redirected to Dashboard
  &amp#27;[32mThen &amp#27;[0m&amp#27;[32mUser should be redirected to Dashboard&amp#27;[0m  &amp#27;[90m# StepDefinitions.LoginSteps.user_should_be_redirected_to_dashboard()&amp#27;[0m
Verifying welcome message is displayed
  &amp#27;[32mAnd &amp#27;[0m&amp#27;[32mUser should see welcome message&amp#27;[0m          &amp#27;[90m# StepDefinitions.LoginSteps.user_should_see_welcome_message()&amp#27;[0m
]]></system-out>
  </testcase>
  <testcase name="Login with Invalid Credentials" classname="Login Application feature" time="0.001">
    <system-out><![CDATA[
Scenario: Login with Invalid Credentials                   &amp#27;[90m# src/test/resources/Features/Login.feature:11&amp#27;[0m
User is on Application Home Page
  &amp#27;[32mGiven &amp#27;[0m&amp#27;[32mUser is on Application Home Page&amp#27;[0m                   &amp#27;[90m# StepDefinitions.LoginSteps.user_application_home_page()&amp#27;[0m
Verifying application page title is FREE CRM
  &amp#27;[32mWhen &amp#27;[0m&amp#27;[32mApplication Page Title is FREE CRM&amp#27;[0m                  &amp#27;[90m# StepDefinitions.LoginSteps.application_page_title_is_free_crm()&amp#27;[0m
Entering invalid username and password
  &amp#27;[32mThen &amp#27;[0m&amp#27;[32muser enters invalid username and password&amp#27;[0m           &amp#27;[90m# StepDefinitions.LoginSteps.user_enters_invalid_username_and_password()&amp#27;[0m
Clicking on Login Button
  &amp#27;[32mAnd &amp#27;[0m&amp#27;[32muser clicks on Login Button&amp#27;[0m                          &amp#27;[90m# StepDefinitions.LoginSteps.user_clicks_on_login_button()&amp#27;[0m
Verifying error message: Invalid credentials
  &amp#27;[32mThen &amp#27;[0m&amp#27;[32mUser should see error message "&amp#27;[0m&amp#27;[32m&amp#27;[1mInvalid credentials&amp#27;[0m&amp#27;[32m"&amp#27;[0m &amp#27;[90m# StepDefinitions.LoginSteps.user_should_see_error_message(java.lang.String)&amp#27;[0m
Verifying user remains on login page
  &amp#27;[32mAnd &amp#27;[0m&amp#27;[32mUser should remain on login page&amp#27;[0m                     &amp#27;[90m# StepDefinitions.LoginSteps.user_should_remain_on_login_page()&amp#27;[0m
]]></system-out>
  </testcase>
  <testcase name="Login with Empty Username" classname="Login Application feature" time="0.003">
    <system-out><![CDATA[
Scenario: Login with Empty Username                         &amp#27;[90m# src/test/resources/Features/Login.feature:19&amp#27;[0m
User is on Application Home Page
  &amp#27;[32mGiven &amp#27;[0m&amp#27;[32mUser is on Application Home Page&amp#27;[0m                    &amp#27;[90m# StepDefinitions.LoginSteps.user_application_home_page()&amp#27;[0m
Verifying application page title is FREE CRM
  &amp#27;[32mWhen &amp#27;[0m&amp#27;[32mApplication Page Title is FREE CRM&amp#27;[0m                   &amp#27;[90m# StepDefinitions.LoginSteps.application_page_title_is_free_crm()&amp#27;[0m
Entering empty username and valid password
  &amp#27;[32mThen &amp#27;[0m&amp#27;[32muser enters empty username and valid password&amp#27;[0m        &amp#27;[90m# StepDefinitions.LoginSteps.user_enters_empty_username_and_valid_password()&amp#27;[0m
Clicking on Login Button
  &amp#27;[32mAnd &amp#27;[0m&amp#27;[32muser clicks on Login Button&amp#27;[0m                           &amp#27;[90m# StepDefinitions.LoginSteps.user_clicks_on_login_button()&amp#27;[0m
Verifying error message: Username is required
  &amp#27;[32mThen &amp#27;[0m&amp#27;[32mUser should see error message "&amp#27;[0m&amp#27;[32m&amp#27;[1mUsername is required&amp#27;[0m&amp#27;[32m"&amp#27;[0m &amp#27;[90m# StepDefinitions.LoginSteps.user_should_see_error_message(java.lang.String)&amp#27;[0m
]]></system-out>
  </testcase>
  <testcase name="Login with Empty Password" classname="Login Application feature" time="0.004">
    <system-out><![CDATA[
Scenario: Login with Empty Password                         &amp#27;[90m# src/test/resources/Features/Login.feature:26&amp#27;[0m
User is on Application Home Page
  &amp#27;[32mGiven &amp#27;[0m&amp#27;[32mUser is on Application Home Page&amp#27;[0m                    &amp#27;[90m# StepDefinitions.LoginSteps.user_application_home_page()&amp#27;[0m
Verifying application page title is FREE CRM
  &amp#27;[32mWhen &amp#27;[0m&amp#27;[32mApplication Page Title is FREE CRM&amp#27;[0m                   &amp#27;[90m# StepDefinitions.LoginSteps.application_page_title_is_free_crm()&amp#27;[0m
Entering valid username and empty password
  &amp#27;[32mThen &amp#27;[0m&amp#27;[32muser enters valid username and empty password&amp#27;[0m        &amp#27;[90m# StepDefinitions.LoginSteps.user_enters_valid_username_and_empty_password()&amp#27;[0m
Clicking on Login Button
  &amp#27;[32mAnd &amp#27;[0m&amp#27;[32muser clicks on Login Button&amp#27;[0m                           &amp#27;[90m# StepDefinitions.LoginSteps.user_clicks_on_login_button()&amp#27;[0m
Verifying error message: Password is required
  &amp#27;[32mThen &amp#27;[0m&amp#27;[32mUser should see error message "&amp#27;[0m&amp#27;[32m&amp#27;[1mPassword is required&amp#27;[0m&amp#27;[32m"&amp#27;[0m &amp#27;[90m# StepDefinitions.LoginSteps.user_should_see_error_message(java.lang.String)&amp#27;[0m
]]></system-out>
  </testcase>
  <testcase name="Forgot Password Functionality" classname="Login Application feature" time="0.003">
    <system-out><![CDATA[
Scenario: Forgot Password Functionality                                     &amp#27;[90m# src/test/resources/Features/Login.feature:33&amp#27;[0m
User is on Application Home Page
  &amp#27;[32mGiven &amp#27;[0m&amp#27;[32mUser is on Application Home Page&amp#27;[0m                                    &amp#27;[90m# StepDefinitions.LoginSteps.user_application_home_page()&amp#27;[0m
Clicking on link: Forgot Password
  &amp#27;[32mWhen &amp#27;[0m&amp#27;[32mUser clicks on "&amp#27;[0m&amp#27;[32m&amp#27;[1mForgot Password&amp#27;[0m&amp#27;[32m" link&amp#27;[0m                                &amp#27;[90m# StepDefinitions.LoginSteps.user_clicks_on_link(java.lang.String)&amp#27;[0m
User redirected to password reset page
  &amp#27;[32mThen &amp#27;[0m&amp#27;[32mUser should be redirected to password reset page&amp#27;[0m                     &amp#27;[90m# StepDefinitions.LoginSteps.user_should_be_redirected_to_password_reset_page()&amp#27;[0m
Entering valid email address
  &amp#27;[32mWhen &amp#27;[0m&amp#27;[32mUser enters valid email address&amp#27;[0m                                      &amp#27;[90m# StepDefinitions.LoginSteps.user_enters_valid_email_address()&amp#27;[0m
Clicking on button: Send Reset Link
  &amp#27;[32mAnd &amp#27;[0m&amp#27;[32mUser clicks on "&amp#27;[0m&amp#27;[32m&amp#27;[1mSend Reset Link&amp#27;[0m&amp#27;[32m" button&amp#27;[0m                               &amp#27;[90m# StepDefinitions.LoginSteps.user_clicks_on_button(java.lang.String)&amp#27;[0m
Verifying confirmation message: Reset link sent to your email
  &amp#27;[32mThen &amp#27;[0m&amp#27;[32mUser should see confirmation message "&amp#27;[0m&amp#27;[32m&amp#27;[1mReset link sent to your email&amp#27;[0m&amp#27;[32m"&amp#27;[0m &amp#27;[90m# StepDefinitions.LoginSteps.user_should_see_confirmation_message(java.lang.String)&amp#27;[0m
]]></system-out>
  </testcase>
  <testcase name="Remember Me Functionality" classname="Login Application feature" time="0.003">
    <system-out><![CDATA[
Scenario: Remember Me Functionality                &amp#27;[90m# src/test/resources/Features/Login.feature:41&amp#27;[0m
User is on Application Home Page
  &amp#27;[32mGiven &amp#27;[0m&amp#27;[32mUser is on Application Home Page&amp#27;[0m           &amp#27;[90m# StepDefinitions.LoginSteps.user_application_home_page()&amp#27;[0m
Entering valid username and password
  &amp#27;[32mWhen &amp#27;[0m&amp#27;[32muser enters valid username and password&amp#27;[0m     &amp#27;[90m# StepDefinitions.LoginSteps.user_enters_valid_username_and_password()&amp#27;[0m
Checking checkbox: Remember Me
  &amp#27;[32mAnd &amp#27;[0m&amp#27;[32mUser checks "&amp#27;[0m&amp#27;[32m&amp#27;[1mRemember Me&amp#27;[0m&amp#27;[32m" checkbox&amp#27;[0m           &amp#27;[90m# StepDefinitions.LoginSteps.user_checks_checkbox(java.lang.String)&amp#27;[0m
Clicking on Login Button
  &amp#27;[32mAnd &amp#27;[0m&amp#27;[32muser clicks on Login Button&amp#27;[0m                  &amp#27;[90m# StepDefinitions.LoginSteps.user_clicks_on_login_button()&amp#27;[0m
User redirected to Dashboard
  &amp#27;[32mThen &amp#27;[0m&amp#27;[32mUser should be redirected to Dashboard&amp#27;[0m      &amp#27;[90m# StepDefinitions.LoginSteps.user_should_be_redirected_to_dashboard()&amp#27;[0m
Closing and reopening browser
  &amp#27;[32mWhen &amp#27;[0m&amp#27;[32mUser closes browser and reopens application&amp#27;[0m &amp#27;[90m# StepDefinitions.LoginSteps.user_closes_browser_and_reopens_application()&amp#27;[0m
Verifying user is still logged in
  &amp#27;[32mThen &amp#27;[0m&amp#27;[32mUser should still be logged in&amp#27;[0m              &amp#27;[90m# StepDefinitions.LoginSteps.user_should_still_be_logged_in()&amp#27;[0m
]]></system-out>
  </testcase>
  <testcase name="Login with Multiple Invalid Credentials #1" classname="Login Application feature" time="0.003">
    <system-out><![CDATA[
Scenario Outline: Login with Multiple Invalid Credentials            &amp#27;[90m# src/test/resources/Features/Login.feature:58&amp#27;[0m
User is on Application Home Page
  &amp#27;[32mGiven &amp#27;[0m&amp#27;[32mUser is on Application Home Page&amp#27;[0m                             &amp#27;[90m# StepDefinitions.LoginSteps.user_application_home_page()&amp#27;[0m
Entering username: invalid_user and password: valid_pass
  &amp#27;[32mWhen &amp#27;[0m&amp#27;[32muser enters username "&amp#27;[0m&amp#27;[32m&amp#27;[1minvalid_user&amp#27;[0m&amp#27;[32m" and password "&amp#27;[0m&amp#27;[32m&amp#27;[1mvalid_pass&amp#27;[0m&amp#27;[32m"&amp#27;[0m &amp#27;[90m# StepDefinitions.LoginSteps.user_enters_username_and_password(java.lang.String,java.lang.String)&amp#27;[0m
Clicking on Login Button
  &amp#27;[32mAnd &amp#27;[0m&amp#27;[32muser clicks on Login Button&amp#27;[0m                                    &amp#27;[90m# StepDefinitions.LoginSteps.user_clicks_on_login_button()&amp#27;[0m
Verifying error message: Invalid username
  &amp#27;[32mThen &amp#27;[0m&amp#27;[32mUser should see error message "&amp#27;[0m&amp#27;[32m&amp#27;[1mInvalid username&amp#27;[0m&amp#27;[32m"&amp#27;[0m              &amp#27;[90m# StepDefinitions.LoginSteps.user_should_see_error_message(java.lang.String)&amp#27;[0m
]]></system-out>
  </testcase>
  <testcase name="Login with Multiple Invalid Credentials #2" classname="Login Application feature" time="0.002">
    <system-out><![CDATA[
Scenario Outline: Login with Multiple Invalid Credentials            &amp#27;[90m# src/test/resources/Features/Login.feature:59&amp#27;[0m
User is on Application Home Page
  &amp#27;[32mGiven &amp#27;[0m&amp#27;[32mUser is on Application Home Page&amp#27;[0m                             &amp#27;[90m# StepDefinitions.LoginSteps.user_application_home_page()&amp#27;[0m
Entering username: valid_user and password: invalid_pass
  &amp#27;[32mWhen &amp#27;[0m&amp#27;[32muser enters username "&amp#27;[0m&amp#27;[32m&amp#27;[1mvalid_user&amp#27;[0m&amp#27;[32m" and password "&amp#27;[0m&amp#27;[32m&amp#27;[1minvalid_pass&amp#27;[0m&amp#27;[32m"&amp#27;[0m &amp#27;[90m# StepDefinitions.LoginSteps.user_enters_username_and_password(java.lang.String,java.lang.String)&amp#27;[0m
Clicking on Login Button
  &amp#27;[32mAnd &amp#27;[0m&amp#27;[32muser clicks on Login Button&amp#27;[0m                                    &amp#27;[90m# StepDefinitions.LoginSteps.user_clicks_on_login_button()&amp#27;[0m
Verifying error message: Invalid password
  &amp#27;[32mThen &amp#27;[0m&amp#27;[32mUser should see error message "&amp#27;[0m&amp#27;[32m&amp#27;[1mInvalid password&amp#27;[0m&amp#27;[32m"&amp#27;[0m              &amp#27;[90m# StepDefinitions.LoginSteps.user_should_see_error_message(java.lang.String)&amp#27;[0m
]]></system-out>
  </testcase>
  <testcase name="Login with Multiple Invalid Credentials #3" classname="Login Application feature" time="0.006">
    <system-out><![CDATA[
Scenario Outline: Login with Multiple Invalid Credentials                 &amp#27;[90m# src/test/resources/Features/Login.feature:60&amp#27;[0m
User is on Application Home Page
  &amp#27;[32mGiven &amp#27;[0m&amp#27;[32mUser is on Application Home Page&amp#27;[0m                                  &amp#27;[90m# StepDefinitions.LoginSteps.user_application_home_page()&amp#27;[0m
Entering username:  and password: 
  &amp#27;[32mWhen &amp#27;[0m&amp#27;[32muser enters username "&amp#27;[0m&amp#27;[32m&amp#27;[1m&amp#27;[0m&amp#27;[32m" and password "&amp#27;[0m&amp#27;[32m&amp#27;[1m&amp#27;[0m&amp#27;[32m"&amp#27;[0m                            &amp#27;[90m# StepDefinitions.LoginSteps.user_enters_username_and_password(java.lang.String,java.lang.String)&amp#27;[0m
Clicking on Login Button
  &amp#27;[32mAnd &amp#27;[0m&amp#27;[32muser clicks on Login Button&amp#27;[0m                                         &amp#27;[90m# StepDefinitions.LoginSteps.user_clicks_on_login_button()&amp#27;[0m
Verifying error message: Username and password are required
  &amp#27;[32mThen &amp#27;[0m&amp#27;[32mUser should see error message "&amp#27;[0m&amp#27;[32m&amp#27;[1mUsername and password are required&amp#27;[0m&amp#27;[32m"&amp#27;[0m &amp#27;[90m# StepDefinitions.LoginSteps.user_should_see_error_message(java.lang.String)&amp#27;[0m
]]></system-out>
  </testcase>
  <testcase name="Login with Multiple Invalid Credentials #4" classname="Login Application feature" time="0.002">
    <system-out><![CDATA[
Scenario Outline: Login with Multiple Invalid Credentials &amp#27;[90m# src/test/resources/Features/Login.feature:61&amp#27;[0m
User is on Application Home Page
  &amp#27;[32mGiven &amp#27;[0m&amp#27;[32mUser is on Application Home Page&amp#27;[0m                  &amp#27;[90m# StepDefinitions.LoginSteps.user_application_home_page()&amp#27;[0m
Entering username: admin and password: 123
  &amp#27;[32mWhen &amp#27;[0m&amp#27;[32muser enters username "&amp#27;[0m&amp#27;[32m&amp#27;[1madmin&amp#27;[0m&amp#27;[32m" and password "&amp#27;[0m&amp#27;[32m&amp#27;[1m123&amp#27;[0m&amp#27;[32m"&amp#27;[0m    &amp#27;[90m# StepDefinitions.LoginSteps.user_enters_username_and_password(java.lang.String,java.lang.String)&amp#27;[0m
Clicking on Login Button
  &amp#27;[32mAnd &amp#27;[0m&amp#27;[32muser clicks on Login Button&amp#27;[0m                         &amp#27;[90m# StepDefinitions.LoginSteps.user_clicks_on_login_button()&amp#27;[0m
Verifying error message: Password too short
  &amp#27;[32mThen &amp#27;[0m&amp#27;[32mUser should see error message "&amp#27;[0m&amp#27;[32m&amp#27;[1mPassword too short&amp#27;[0m&amp#27;[32m"&amp#27;[0m &amp#27;[90m# StepDefinitions.LoginSteps.user_should_see_error_message(java.lang.String)&amp#27;[0m
]]></system-out>
  </testcase>
  <testcase name="View User Profile" classname="User Profile Management feature" time="0.012">
    <system-out><![CDATA[
Scenario: View User Profile                      &amp#27;[90m# src/test/resources/Features/UserProfile.feature:7&amp#27;[0m
User is logged into the application
  &amp#27;[32mGiven &amp#27;[0m&amp#27;[32mUser is logged into the application&amp#27;[0m      &amp#27;[90m# StepDefinitions.ProfileSteps.user_is_logged_into_the_application()&amp#27;[0m
User is on Dashboard page
  &amp#27;[32mAnd &amp#27;[0m&amp#27;[32mUser is on Dashboard page&amp#27;[0m                  &amp#27;[90m# StepDefinitions.ProfileSteps.user_is_on_dashboard_page()&amp#27;[0m
Clicking on Profile menu
  &amp#27;[32mWhen &amp#27;[0m&amp#27;[32mUser clicks on Profile menu&amp#27;[0m               &amp#27;[90m# StepDefinitions.ProfileSteps.user_clicks_on_profile_menu()&amp#27;[0m
User redirected to profile page
  &amp#27;[32mThen &amp#27;[0m&amp#27;[32mUser should be redirected to profile page&amp#27;[0m &amp#27;[90m# StepDefinitions.ProfileSteps.user_should_be_redirected_to_profile_page()&amp#27;[0m
Verifying profile information:
Name: John Doe
Email: john.doe@example.com
Username: johndoe123
Phone: +1-555-123-4567
  &amp#27;[32mAnd &amp#27;[0m&amp#27;[32mUser should see their profile information&amp#27;[0m  &amp#27;[90m# StepDefinitions.ProfileSteps.user_should_see_their_profile_information(io.cucumber.datatable.DataTable)&amp#27;[0m
    | Field    | Value                |
    | Name     | John Doe             |
    | Email    | john.doe@example.com |
    | Username | johndoe123           |
    | Phone    | +1-555-123-4567      |
]]></system-out>
  </testcase>
  <testcase name="Update Profile Information" classname="User Profile Management feature" time="0.002">
    <system-out><![CDATA[
Scenario: Update Profile Information                                  &amp#27;[90m# src/test/resources/Features/UserProfile.feature:17&amp#27;[0m
User is logged into the application
  &amp#27;[32mGiven &amp#27;[0m&amp#27;[32mUser is logged into the application&amp#27;[0m                           &amp#27;[90m# StepDefinitions.ProfileSteps.user_is_logged_into_the_application()&amp#27;[0m
User is on Dashboard page
  &amp#27;[32mAnd &amp#27;[0m&amp#27;[32mUser is on Dashboard page&amp#27;[0m                                       &amp#27;[90m# StepDefinitions.ProfileSteps.user_is_on_dashboard_page()&amp#27;[0m
User is on profile page
  &amp#27;[32mGiven &amp#27;[0m&amp#27;[32mUser is on profile page&amp#27;[0m                                       &amp#27;[90m# StepDefinitions.ProfileSteps.user_is_on_profile_page()&amp#27;[0m
Updating profile information:
firstName: Jane
lastName: Smith
phone: +1-555-987-6543
address: 123 Main St, City, State
  &amp#27;[32mWhen &amp#27;[0m&amp#27;[32mUser updates profile information&amp#27;[0m                               &amp#27;[90m# StepDefinitions.ProfileSteps.user_updates_profile_information(io.cucumber.datatable.DataTable)&amp#27;[0m
    | firstName | Jane                     |
    | lastName  | Smith                    |
    | phone     | +1-555-987-6543          |
    | address   | 123 Main St, City, State |
Clicking on Save Changes button
  &amp#27;[32mAnd &amp#27;[0m&amp#27;[32mUser clicks on Save Changes button&amp#27;[0m                              &amp#27;[90m# StepDefinitions.ProfileSteps.user_clicks_on_save_changes_button()&amp#27;[0m
Verifying success message: Profile updated successfully
  &amp#27;[32mThen &amp#27;[0m&amp#27;[32mUser should see success message "&amp#27;[0m&amp#27;[32m&amp#27;[1mProfile updated successfully&amp#27;[0m&amp#27;[32m"&amp#27;[0m &amp#27;[90m# StepDefinitions.RegistrationSteps.user_should_see_success_message(java.lang.String)&amp#27;[0m
Verifying updated information is displayed
  &amp#27;[32mAnd &amp#27;[0m&amp#27;[32mUpdated information should be displayed&amp#27;[0m                         &amp#27;[90m# StepDefinitions.ProfileSteps.updated_information_should_be_displayed()&amp#27;[0m
]]></system-out>
  </testcase>
  <testcase name="Change Password" classname="User Profile Management feature" time="0.002">
    <system-out><![CDATA[
Scenario: Change Password                                              &amp#27;[90m# src/test/resources/Features/UserProfile.feature:28&amp#27;[0m
User is logged into the application
  &amp#27;[32mGiven &amp#27;[0m&amp#27;[32mUser is logged into the application&amp#27;[0m                            &amp#27;[90m# StepDefinitions.ProfileSteps.user_is_logged_into_the_application()&amp#27;[0m
User is on Dashboard page
  &amp#27;[32mAnd &amp#27;[0m&amp#27;[32mUser is on Dashboard page&amp#27;[0m                                        &amp#27;[90m# StepDefinitions.ProfileSteps.user_is_on_dashboard_page()&amp#27;[0m
User is on profile page
  &amp#27;[32mGiven &amp#27;[0m&amp#27;[32mUser is on profile page&amp#27;[0m                                        &amp#27;[90m# StepDefinitions.ProfileSteps.user_is_on_profile_page()&amp#27;[0m
Clicking on Change Password tab
  &amp#27;[32mWhen &amp#27;[0m&amp#27;[32mUser clicks on Change Password tab&amp#27;[0m                              &amp#27;[90m# StepDefinitions.ProfileSteps.user_clicks_on_change_password_tab()&amp#27;[0m
Entering current password: OldPassword123!
  &amp#27;[32mAnd &amp#27;[0m&amp#27;[32mUser enters current password "&amp#27;[0m&amp#27;[32m&amp#27;[1mOldPassword123!&amp#27;[0m&amp#27;[32m"&amp#27;[0m                   &amp#27;[90m# StepDefinitions.ProfileSteps.user_enters_current_password(java.lang.String)&amp#27;[0m
Entering new password: NewPassword456!
  &amp#27;[32mAnd &amp#27;[0m&amp#27;[32mUser enters new password "&amp#27;[0m&amp#27;[32m&amp#27;[1mNewPassword456!&amp#27;[0m&amp#27;[32m"&amp#27;[0m                       &amp#27;[90m# StepDefinitions.ProfileSteps.user_enters_new_password(java.lang.String)&amp#27;[0m
Confirming new password: NewPassword456!
  &amp#27;[32mAnd &amp#27;[0m&amp#27;[32mUser confirms new password "&amp#27;[0m&amp#27;[32m&amp#27;[1mNewPassword456!&amp#27;[0m&amp#27;[32m"&amp#27;[0m                     &amp#27;[90m# StepDefinitions.ProfileSteps.user_confirms_new_password(java.lang.String)&amp#27;[0m
Clicking on Update Password button
  &amp#27;[32mAnd &amp#27;[0m&amp#27;[32mUser clicks on Update Password button&amp#27;[0m                            &amp#27;[90m# StepDefinitions.ProfileSteps.user_clicks_on_update_password_button()&amp#27;[0m
Verifying success message: Password changed successfully
  &amp#27;[32mThen &amp#27;[0m&amp#27;[32mUser should see success message "&amp#27;[0m&amp#27;[32m&amp#27;[1mPassword changed successfully&amp#27;[0m&amp#27;[32m"&amp#27;[0m &amp#27;[90m# StepDefinitions.RegistrationSteps.user_should_see_success_message(java.lang.String)&amp#27;[0m
Verifying user can login with new password
  &amp#27;[32mAnd &amp#27;[0m&amp#27;[32mUser should be able to login with new password&amp#27;[0m                   &amp#27;[90m# StepDefinitions.ProfileSteps.user_should_be_able_to_login_with_new_password()&amp#27;[0m
]]></system-out>
  </testcase>
  <testcase name="Change Password with Wrong Current Password" classname="User Profile Management feature" time="0.003">
    <system-out><![CDATA[
Scenario: Change Password with Wrong Current Password                &amp#27;[90m# src/test/resources/Features/UserProfile.feature:38&amp#27;[0m
User is logged into the application
  &amp#27;[32mGiven &amp#27;[0m&amp#27;[32mUser is logged into the application&amp#27;[0m                          &amp#27;[90m# StepDefinitions.ProfileSteps.user_is_logged_into_the_application()&amp#27;[0m
User is on Dashboard page
  &amp#27;[32mAnd &amp#27;[0m&amp#27;[32mUser is on Dashboard page&amp#27;[0m                                      &amp#27;[90m# StepDefinitions.ProfileSteps.user_is_on_dashboard_page()&amp#27;[0m
User is on profile page
  &amp#27;[32mGiven &amp#27;[0m&amp#27;[32mUser is on profile page&amp#27;[0m                                      &amp#27;[90m# StepDefinitions.ProfileSteps.user_is_on_profile_page()&amp#27;[0m
Clicking on Change Password tab
  &amp#27;[32mWhen &amp#27;[0m&amp#27;[32mUser clicks on Change Password tab&amp#27;[0m                            &amp#27;[90m# StepDefinitions.ProfileSteps.user_clicks_on_change_password_tab()&amp#27;[0m
Entering current password: WrongPassword
  &amp#27;[32mAnd &amp#27;[0m&amp#27;[32mUser enters current password "&amp#27;[0m&amp#27;[32m&amp#27;[1mWrongPassword&amp#27;[0m&amp#27;[32m"&amp#27;[0m                   &amp#27;[90m# StepDefinitions.ProfileSteps.user_enters_current_password(java.lang.String)&amp#27;[0m
Entering new password: NewPassword456!
  &amp#27;[32mAnd &amp#27;[0m&amp#27;[32mUser enters new password "&amp#27;[0m&amp#27;[32m&amp#27;[1mNewPassword456!&amp#27;[0m&amp#27;[32m"&amp#27;[0m                     &amp#27;[90m# StepDefinitions.ProfileSteps.user_enters_new_password(java.lang.String)&amp#27;[0m
Confirming new password: NewPassword456!
  &amp#27;[32mAnd &amp#27;[0m&amp#27;[32mUser confirms new password "&amp#27;[0m&amp#27;[32m&amp#27;[1mNewPassword456!&amp#27;[0m&amp#27;[32m"&amp#27;[0m                   &amp#27;[90m# StepDefinitions.ProfileSteps.user_confirms_new_password(java.lang.String)&amp#27;[0m
Clicking on Update Password button
  &amp#27;[32mAnd &amp#27;[0m&amp#27;[32mUser clicks on Update Password button&amp#27;[0m                          &amp#27;[90m# StepDefinitions.ProfileSteps.user_clicks_on_update_password_button()&amp#27;[0m
Verifying error message: Current password is incorrect
  &amp#27;[32mThen &amp#27;[0m&amp#27;[32mUser should see error message "&amp#27;[0m&amp#27;[32m&amp#27;[1mCurrent password is incorrect&amp#27;[0m&amp#27;[32m"&amp#27;[0m &amp#27;[90m# StepDefinitions.LoginSteps.user_should_see_error_message(java.lang.String)&amp#27;[0m
]]></system-out>
  </testcase>
  <testcase name="Upload Profile Picture" classname="User Profile Management feature" time="0.001">
    <system-out><![CDATA[
Scenario: Upload Profile Picture                                 &amp#27;[90m# src/test/resources/Features/UserProfile.feature:47&amp#27;[0m
User is logged into the application
  &amp#27;[32mGiven &amp#27;[0m&amp#27;[32mUser is logged into the application&amp#27;[0m                      &amp#27;[90m# StepDefinitions.ProfileSteps.user_is_logged_into_the_application()&amp#27;[0m
User is on Dashboard page
  &amp#27;[32mAnd &amp#27;[0m&amp#27;[32mUser is on Dashboard page&amp#27;[0m                                  &amp#27;[90m# StepDefinitions.ProfileSteps.user_is_on_dashboard_page()&amp#27;[0m
User is on profile page
  &amp#27;[32mGiven &amp#27;[0m&amp#27;[32mUser is on profile page&amp#27;[0m                                  &amp#27;[90m# StepDefinitions.ProfileSteps.user_is_on_profile_page()&amp#27;[0m
Clicking on profile picture
  &amp#27;[32mWhen &amp#27;[0m&amp#27;[32mUser clicks on profile picture&amp#27;[0m                            &amp#27;[90m# StepDefinitions.ProfileSteps.user_clicks_on_profile_picture()&amp#27;[0m
Selecting image file: profile.jpg
  &amp#27;[32mAnd &amp#27;[0m&amp#27;[32mUser selects image file "&amp#27;[0m&amp#27;[32m&amp#27;[1mprofile.jpg&amp#27;[0m&amp#27;[32m"&amp#27;[0m                      &amp#27;[90m# StepDefinitions.ProfileSteps.user_selects_image_file(java.lang.String)&amp#27;[0m
Clicking on Upload button
  &amp#27;[32mAnd &amp#27;[0m&amp#27;[32mUser clicks on Upload button&amp#27;[0m                               &amp#27;[90m# StepDefinitions.ProfileSteps.user_clicks_on_upload_button()&amp#27;[0m
Verifying success message: Profile picture updated
  &amp#27;[32mThen &amp#27;[0m&amp#27;[32mUser should see success message "&amp#27;[0m&amp#27;[32m&amp#27;[1mProfile picture updated&amp#27;[0m&amp#27;[32m"&amp#27;[0m &amp#27;[90m# StepDefinitions.RegistrationSteps.user_should_see_success_message(java.lang.String)&amp#27;[0m
Verifying new profile picture is displayed
  &amp#27;[32mAnd &amp#27;[0m&amp#27;[32mNew profile picture should be displayed&amp#27;[0m                    &amp#27;[90m# StepDefinitions.ProfileSteps.new_profile_picture_should_be_displayed()&amp#27;[0m
]]></system-out>
  </testcase>
  <testcase name="Delete Account" classname="User Profile Management feature" time="0.003">
    <system-out><![CDATA[
Scenario: Delete Account                                                         &amp#27;[90m# src/test/resources/Features/UserProfile.feature:55&amp#27;[0m
User is logged into the application
  &amp#27;[32mGiven &amp#27;[0m&amp#27;[32mUser is logged into the application&amp#27;[0m                                      &amp#27;[90m# StepDefinitions.ProfileSteps.user_is_logged_into_the_application()&amp#27;[0m
User is on Dashboard page
  &amp#27;[32mAnd &amp#27;[0m&amp#27;[32mUser is on Dashboard page&amp#27;[0m                                                  &amp#27;[90m# StepDefinitions.ProfileSteps.user_is_on_dashboard_page()&amp#27;[0m
User is on profile page
  &amp#27;[32mGiven &amp#27;[0m&amp#27;[32mUser is on profile page&amp#27;[0m                                                  &amp#27;[90m# StepDefinitions.ProfileSteps.user_is_on_profile_page()&amp#27;[0m
Clicking on Account Settings tab
  &amp#27;[32mWhen &amp#27;[0m&amp#27;[32mUser clicks on Account Settings tab&amp#27;[0m                                       &amp#27;[90m# StepDefinitions.ProfileSteps.user_clicks_on_account_settings_tab()&amp#27;[0m
Clicking on Delete Account button
  &amp#27;[32mAnd &amp#27;[0m&amp#27;[32mUser clicks on Delete Account button&amp#27;[0m                                       &amp#27;[90m# StepDefinitions.ProfileSteps.user_clicks_on_delete_account_button()&amp#27;[0m
Confirming account deletion
  &amp#27;[32mAnd &amp#27;[0m&amp#27;[32mUser confirms account deletion&amp#27;[0m                                             &amp#27;[90m# StepDefinitions.ProfileSteps.user_confirms_account_deletion()&amp#27;[0m
Entering password for confirmation
  &amp#27;[32mAnd &amp#27;[0m&amp#27;[32mUser enters password for confirmation&amp#27;[0m                                      &amp#27;[90m# StepDefinitions.ProfileSteps.user_enters_password_for_confirmation()&amp#27;[0m
Verifying confirmation message: Account will be deleted in 30 days
  &amp#27;[32mThen &amp#27;[0m&amp#27;[32mUser should see confirmation message "&amp#27;[0m&amp#27;[32m&amp#27;[1mAccount will be deleted in 30 days&amp#27;[0m&amp#27;[32m"&amp#27;[0m &amp#27;[90m# StepDefinitions.LoginSteps.user_should_see_confirmation_message(java.lang.String)&amp#27;[0m
Verifying user is logged out
  &amp#27;[32mAnd &amp#27;[0m&amp#27;[32mUser should be logged out&amp#27;[0m                                                  &amp#27;[90m# StepDefinitions.ProfileSteps.user_should_be_logged_out()&amp#27;[0m
Verifying account deletion email is sent
  &amp#27;[32mAnd &amp#27;[0m&amp#27;[32mUser should receive account deletion email&amp#27;[0m                                 &amp#27;[90m# StepDefinitions.ProfileSteps.user_should_receive_account_deletion_email()&amp#27;[0m
]]></system-out>
  </testcase>
  <testcase name="Update Email Address" classname="User Profile Management feature" time="0.002">
    <system-out><![CDATA[
Scenario: Update Email Address                                             &amp#27;[90m# src/test/resources/Features/UserProfile.feature:65&amp#27;[0m
User is logged into the application
  &amp#27;[32mGiven &amp#27;[0m&amp#27;[32mUser is logged into the application&amp#27;[0m                                &amp#27;[90m# StepDefinitions.ProfileSteps.user_is_logged_into_the_application()&amp#27;[0m
User is on Dashboard page
  &amp#27;[32mAnd &amp#27;[0m&amp#27;[32mUser is on Dashboard page&amp#27;[0m                                            &amp#27;[90m# StepDefinitions.ProfileSteps.user_is_on_dashboard_page()&amp#27;[0m
User is on profile page
  &amp#27;[32mGiven &amp#27;[0m&amp#27;[32mUser is on profile page&amp#27;[0m                                            &amp#27;[90m# StepDefinitions.ProfileSteps.user_is_on_profile_page()&amp#27;[0m
Updating email address to: newemail@example.com
  &amp#27;[32mWhen &amp#27;[0m&amp#27;[32mUser updates email address to "&amp#27;[0m&amp#27;[32m&amp#27;[1mnewemail@example.com&amp#27;[0m&amp#27;[32m"&amp#27;[0m                &amp#27;[90m# StepDefinitions.ProfileSteps.user_updates_email_address_to(java.lang.String)&amp#27;[0m
Clicking on Save Changes button
  &amp#27;[32mAnd &amp#27;[0m&amp#27;[32mUser clicks on Save Changes button&amp#27;[0m                                   &amp#27;[90m# StepDefinitions.ProfileSteps.user_clicks_on_save_changes_button()&amp#27;[0m
Verifying message: Verification email sent to new address
  &amp#27;[32mThen &amp#27;[0m&amp#27;[32mUser should see message "&amp#27;[0m&amp#27;[32m&amp#27;[1mVerification email sent to new address&amp#27;[0m&amp#27;[32m"&amp#27;[0m    &amp#27;[90m# StepDefinitions.ProfileSteps.user_should_see_message(java.lang.String)&amp#27;[0m
User should verify new email address
  &amp#27;[32mAnd &amp#27;[0m&amp#27;[32mUser should verify new email address&amp#27;[0m                                 &amp#27;[90m# StepDefinitions.ProfileSteps.user_should_verify_new_email_address()&amp#27;[0m
Clicking verification link in email
  &amp#27;[32mWhen &amp#27;[0m&amp#27;[32mUser clicks verification link in email&amp#27;[0m                              &amp#27;[90m# StepDefinitions.ProfileSteps.user_clicks_verification_link_in_email()&amp#27;[0m
Verifying email address is updated
  &amp#27;[32mThen &amp#27;[0m&amp#27;[32mEmail address should be updated&amp#27;[0m                                     &amp#27;[90m# StepDefinitions.ProfileSteps.email_address_should_be_updated()&amp#27;[0m
Verifying success message: Email address updated successfully
  &amp#27;[32mAnd &amp#27;[0m&amp#27;[32mUser should see success message "&amp#27;[0m&amp#27;[32m&amp#27;[1mEmail address updated successfully&amp#27;[0m&amp#27;[32m"&amp#27;[0m &amp#27;[90m# StepDefinitions.RegistrationSteps.user_should_see_success_message(java.lang.String)&amp#27;[0m
]]></system-out>
  </testcase>
  <testcase name="Privacy Settings" classname="User Profile Management feature" time="0.003">
    <system-out><![CDATA[
Scenario: Privacy Settings                                        &amp#27;[90m# src/test/resources/Features/UserProfile.feature:75&amp#27;[0m
User is logged into the application
  &amp#27;[32mGiven &amp#27;[0m&amp#27;[32mUser is logged into the application&amp#27;[0m                       &amp#27;[90m# StepDefinitions.ProfileSteps.user_is_logged_into_the_application()&amp#27;[0m
User is on Dashboard page
  &amp#27;[32mAnd &amp#27;[0m&amp#27;[32mUser is on Dashboard page&amp#27;[0m                                   &amp#27;[90m# StepDefinitions.ProfileSteps.user_is_on_dashboard_page()&amp#27;[0m
User is on profile page
  &amp#27;[32mGiven &amp#27;[0m&amp#27;[32mUser is on profile page&amp#27;[0m                                   &amp#27;[90m# StepDefinitions.ProfileSteps.user_is_on_profile_page()&amp#27;[0m
Clicking on Privacy Settings tab
  &amp#27;[32mWhen &amp#27;[0m&amp#27;[32mUser clicks on Privacy Settings tab&amp#27;[0m                        &amp#27;[90m# StepDefinitions.ProfileSteps.user_clicks_on_privacy_settings_tab()&amp#27;[0m
Updating privacy settings:
Profile Visibility: Private
Email Visibility: Friends Only
Phone Visibility: Hidden
Activity Status: Offline
  &amp#27;[32mAnd &amp#27;[0m&amp#27;[32mUser updates privacy settings&amp#27;[0m                               &amp#27;[90m# StepDefinitions.ProfileSteps.user_updates_privacy_settings(io.cucumber.datatable.DataTable)&amp#27;[0m
    | Setting            | Value        |
    | Profile Visibility | Private      |
    | Email Visibility   | Friends Only |
    | Phone Visibility   | Hidden       |
    | Activity Status    | Offline      |
Clicking on Save Settings button
  &amp#27;[32mAnd &amp#27;[0m&amp#27;[32mUser clicks on Save Settings button&amp#27;[0m                         &amp#27;[90m# StepDefinitions.ProfileSteps.user_clicks_on_save_settings_button()&amp#27;[0m
Verifying success message: Privacy settings updated
  &amp#27;[32mThen &amp#27;[0m&amp#27;[32mUser should see success message "&amp#27;[0m&amp#27;[32m&amp#27;[1mPrivacy settings updated&amp#27;[0m&amp#27;[32m"&amp#27;[0m &amp#27;[90m# StepDefinitions.RegistrationSteps.user_should_see_success_message(java.lang.String)&amp#27;[0m
Verifying settings are applied to user profile
  &amp#27;[32mAnd &amp#27;[0m&amp#27;[32mSettings should be applied to user profile&amp#27;[0m                  &amp#27;[90m# StepDefinitions.ProfileSteps.settings_should_be_applied_to_user_profile()&amp#27;[0m
]]></system-out>
  </testcase>
  <testcase name="Successful User Registration" classname="User Registration feature" time="0.004">
    <system-out><![CDATA[
Scenario: Successful User Registration                          &amp#27;[90m# src/test/resources/Features/UserRegistration.feature:3&amp#27;[0m
User is on Registration Page
  &amp#27;[32mGiven &amp#27;[0m&amp#27;[32mUser is on Registration Page&amp#27;[0m                            &amp#27;[90m# StepDefinitions.RegistrationSteps.user_is_on_registration_page()&amp#27;[0m
Entering registration details:
firstName: John
lastName: Doe
email: john.doe@example.com
username: johndoe123
password: SecurePass123!
confirmPassword: SecurePass123!
  &amp#27;[32mWhen &amp#27;[0m&amp#27;[32mUser enters valid registration details&amp#27;[0m                   &amp#27;[90m# StepDefinitions.RegistrationSteps.user_enters_valid_registration_details(io.cucumber.datatable.DataTable)&amp#27;[0m
    | firstName       | John                 |
    | lastName        | Doe                  |
    | email           | john.doe@example.com |
    | username        | johndoe123           |
    | password        | SecurePass123!       |
    | confirmPassword | SecurePass123!       |
Accepting terms and conditions
  &amp#27;[32mAnd &amp#27;[0m&amp#27;[32mUser accepts terms and conditions&amp#27;[0m                         &amp#27;[90m# StepDefinitions.RegistrationSteps.user_accepts_terms_and_conditions()&amp#27;[0m
Clicking on Register Button
  &amp#27;[32mAnd &amp#27;[0m&amp#27;[32mUser clicks on Register Button&amp#27;[0m                            &amp#27;[90m# StepDefinitions.RegistrationSteps.user_clicks_on_register_button()&amp#27;[0m
User redirected to welcome page
  &amp#27;[32mThen &amp#27;[0m&amp#27;[32mUser should be redirected to welcome page&amp#27;[0m                &amp#27;[90m# StepDefinitions.RegistrationSteps.user_should_be_redirected_to_welcome_page()&amp#27;[0m
Verifying success message: Registration successful
  &amp#27;[32mAnd &amp#27;[0m&amp#27;[32mUser should see success message "&amp#27;[0m&amp#27;[32m&amp#27;[1mRegistration successful&amp#27;[0m&amp#27;[32m"&amp#27;[0m &amp#27;[90m# StepDefinitions.RegistrationSteps.user_should_see_success_message(java.lang.String)&amp#27;[0m
Verifying confirmation email is sent
  &amp#27;[32mAnd &amp#27;[0m&amp#27;[32mConfirmation email should be sent to user&amp#27;[0m                 &amp#27;[90m# StepDefinitions.RegistrationSteps.confirmation_email_should_be_sent_to_user()&amp#27;[0m
]]></system-out>
  </testcase>
  <testcase name="Registration with Existing Email" classname="User Registration feature" time="0.004">
    <system-out><![CDATA[
Scenario: Registration with Existing Email                  &amp#27;[90m# src/test/resources/Features/UserRegistration.feature:18&amp#27;[0m
User is on Registration Page
  &amp#27;[32mGiven &amp#27;[0m&amp#27;[32mUser is on Registration Page&amp#27;[0m                        &amp#27;[90m# StepDefinitions.RegistrationSteps.user_is_on_registration_page()&amp#27;[0m
Entering registration details with existing email:
firstName: Jane
lastName: Smith
email: existing@example.com
username: janesmith
password: Password123!
confirmPassword: Password123!
  &amp#27;[32mWhen &amp#27;[0m&amp#27;[32mUser enters registration details with existing email&amp#27;[0m &amp#27;[90m# StepDefinitions.RegistrationSteps.user_enters_registration_details_with_existing_email(io.cucumber.datatable.DataTable)&amp#27;[0m
    | firstName       | Jane                 |
    | lastName        | Smith                |
    | email           | existing@example.com |
    | username        | janesmith            |
    | password        | Password123!         |
    | confirmPassword | Password123!         |
Clicking on Register Button
  &amp#27;[32mAnd &amp#27;[0m&amp#27;[32mUser clicks on Register Button&amp#27;[0m                        &amp#27;[90m# StepDefinitions.RegistrationSteps.user_clicks_on_register_button()&amp#27;[0m
Verifying error message: Email already exists
  &amp#27;[32mThen &amp#27;[0m&amp#27;[32mUser should see error message "&amp#27;[0m&amp#27;[32m&amp#27;[1mEmail already exists&amp#27;[0m&amp#27;[32m"&amp#27;[0m &amp#27;[90m# StepDefinitions.LoginSteps.user_should_see_error_message(java.lang.String)&amp#27;[0m
Verifying user remains on registration page
  &amp#27;[32mAnd &amp#27;[0m&amp#27;[32mUser should remain on registration page&amp#27;[0m               &amp#27;[90m# StepDefinitions.RegistrationSteps.user_should_remain_on_registration_page()&amp#27;[0m
]]></system-out>
  </testcase>
  <testcase name="Registration with Weak Password" classname="User Registration feature" time="0.002">
    <system-out><![CDATA[
Scenario: Registration with Weak Password                                                             &amp#27;[90m# src/test/resources/Features/UserRegistration.feature:31&amp#27;[0m
User is on Registration Page
  &amp#27;[32mGiven &amp#27;[0m&amp#27;[32mUser is on Registration Page&amp#27;[0m                                                                  &amp#27;[90m# StepDefinitions.RegistrationSteps.user_is_on_registration_page()&amp#27;[0m
Entering registration details with weak password:
firstName: Bob
lastName: Wilson
email: bob.wilson@example.com
username: bobwilson
password: 123
confirmPassword: 123
  &amp#27;[32mWhen &amp#27;[0m&amp#27;[32mUser enters registration details with weak password&amp#27;[0m                                            &amp#27;[90m# StepDefinitions.RegistrationSteps.user_enters_registration_details_with_weak_password(io.cucumber.datatable.DataTable)&amp#27;[0m
    | firstName       | Bob                    |
    | lastName        | Wilson                 |
    | email           | bob.wilson@example.com |
    | username        | bobwilson              |
    | password        | 123                    |
    | confirmPassword | 123                    |
Clicking on Register Button
  &amp#27;[32mAnd &amp#27;[0m&amp#27;[32mUser clicks on Register Button&amp#27;[0m                                                                  &amp#27;[90m# StepDefinitions.RegistrationSteps.user_clicks_on_register_button()&amp#27;[0m
Verifying error message: Password must be at least 8 characters with special characters
  &amp#27;[32mThen &amp#27;[0m&amp#27;[32mUser should see error message "&amp#27;[0m&amp#27;[32m&amp#27;[1mPassword must be at least 8 characters with special characters&amp#27;[0m&amp#27;[32m"&amp#27;[0m &amp#27;[90m# StepDefinitions.LoginSteps.user_should_see_error_message(java.lang.String)&amp#27;[0m
]]></system-out>
  </testcase>
  <testcase name="Registration with Mismatched Passwords" classname="User Registration feature" time="0.001">
    <system-out><![CDATA[
Scenario: Registration with Mismatched Passwords                  &amp#27;[90m# src/test/resources/Features/UserRegistration.feature:43&amp#27;[0m
User is on Registration Page
  &amp#27;[32mGiven &amp#27;[0m&amp#27;[32mUser is on Registration Page&amp#27;[0m                              &amp#27;[90m# StepDefinitions.RegistrationSteps.user_is_on_registration_page()&amp#27;[0m
Entering registration details with mismatched passwords:
firstName: Alice
lastName: Brown
email: alice.brown@example.com
username: alicebrown
password: Password123!
confirmPassword: DifferentPass123!
  &amp#27;[32mWhen &amp#27;[0m&amp#27;[32mUser enters registration details with mismatched passwords&amp#27;[0m &amp#27;[90m# StepDefinitions.RegistrationSteps.user_enters_registration_details_with_mismatched_passwords(io.cucumber.datatable.DataTable)&amp#27;[0m
    | firstName       | Alice                   |
    | lastName        | Brown                   |
    | email           | alice.brown@example.com |
    | username        | alicebrown              |
    | password        | Password123!            |
    | confirmPassword | DifferentPass123!       |
Clicking on Register Button
  &amp#27;[32mAnd &amp#27;[0m&amp#27;[32mUser clicks on Register Button&amp#27;[0m                              &amp#27;[90m# StepDefinitions.RegistrationSteps.user_clicks_on_register_button()&amp#27;[0m
Verifying error message: Passwords do not match
  &amp#27;[32mThen &amp#27;[0m&amp#27;[32mUser should see error message "&amp#27;[0m&amp#27;[32m&amp#27;[1mPasswords do not match&amp#27;[0m&amp#27;[32m"&amp#27;[0m     &amp#27;[90m# StepDefinitions.LoginSteps.user_should_see_error_message(java.lang.String)&amp#27;[0m
]]></system-out>
  </testcase>
  <testcase name="Registration Field Validation #1" classname="User Registration feature" time="0.003">
    <system-out><![CDATA[
Scenario Outline: Registration Field Validation                         &amp#27;[90m# src/test/resources/Features/UserRegistration.feature:63&amp#27;[0m
User is on Registration Page
  &amp#27;[32mGiven &amp#27;[0m&amp#27;[32mUser is on Registration Page&amp#27;[0m                                    &amp#27;[90m# StepDefinitions.RegistrationSteps.user_is_on_registration_page()&amp#27;[0m
Entering registration fields:
First Name: 
Last Name: Doe
Email: john@example.com
Username: johndoe
Password: Pass123!
  &amp#27;[32mWhen &amp#27;[0m&amp#27;[32mUser enters "&amp#27;[0m&amp#27;[32m&amp#27;[1m&amp#27;[0m&amp#27;[32m", "&amp#27;[0m&amp#27;[32m&amp#27;[1mDoe&amp#27;[0m&amp#27;[32m", "&amp#27;[0m&amp#27;[32m&amp#27;[1mjohn@example.com&amp#27;[0m&amp#27;[32m", "&amp#27;[0m&amp#27;[32m&amp#27;[1mjohndoe&amp#27;[0m&amp#27;[32m", "&amp#27;[0m&amp#27;[32m&amp#27;[1mPass123!&amp#27;[0m&amp#27;[32m"&amp#27;[0m &amp#27;[90m# StepDefinitions.RegistrationSteps.user_enters_registration_fields(java.lang.String,java.lang.String,java.lang.String,java.lang.String,java.lang.String)&amp#27;[0m
Clicking on Register Button
  &amp#27;[32mAnd &amp#27;[0m&amp#27;[32mUser clicks on Register Button&amp#27;[0m                                    &amp#27;[90m# StepDefinitions.RegistrationSteps.user_clicks_on_register_button()&amp#27;[0m
Verifying error message: First name is required
  &amp#27;[32mThen &amp#27;[0m&amp#27;[32mUser should see error message "&amp#27;[0m&amp#27;[32m&amp#27;[1mFirst name is required&amp#27;[0m&amp#27;[32m"&amp#27;[0m           &amp#27;[90m# StepDefinitions.LoginSteps.user_should_see_error_message(java.lang.String)&amp#27;[0m
]]></system-out>
  </testcase>
  <testcase name="Registration Field Validation #2" classname="User Registration feature" time="0.002">
    <system-out><![CDATA[
Scenario Outline: Registration Field Validation                          &amp#27;[90m# src/test/resources/Features/UserRegistration.feature:64&amp#27;[0m
User is on Registration Page
  &amp#27;[32mGiven &amp#27;[0m&amp#27;[32mUser is on Registration Page&amp#27;[0m                                     &amp#27;[90m# StepDefinitions.RegistrationSteps.user_is_on_registration_page()&amp#27;[0m
Entering registration fields:
First Name: John
Last Name: 
Email: john@example.com
Username: johndoe
Password: Pass123!
  &amp#27;[32mWhen &amp#27;[0m&amp#27;[32mUser enters "&amp#27;[0m&amp#27;[32m&amp#27;[1mJohn&amp#27;[0m&amp#27;[32m", "&amp#27;[0m&amp#27;[32m&amp#27;[1m&amp#27;[0m&amp#27;[32m", "&amp#27;[0m&amp#27;[32m&amp#27;[1mjohn@example.com&amp#27;[0m&amp#27;[32m", "&amp#27;[0m&amp#27;[32m&amp#27;[1mjohndoe&amp#27;[0m&amp#27;[32m", "&amp#27;[0m&amp#27;[32m&amp#27;[1mPass123!&amp#27;[0m&amp#27;[32m"&amp#27;[0m &amp#27;[90m# StepDefinitions.RegistrationSteps.user_enters_registration_fields(java.lang.String,java.lang.String,java.lang.String,java.lang.String,java.lang.String)&amp#27;[0m
Clicking on Register Button
  &amp#27;[32mAnd &amp#27;[0m&amp#27;[32mUser clicks on Register Button&amp#27;[0m                                     &amp#27;[90m# StepDefinitions.RegistrationSteps.user_clicks_on_register_button()&amp#27;[0m
Verifying error message: Last name is required
  &amp#27;[32mThen &amp#27;[0m&amp#27;[32mUser should see error message "&amp#27;[0m&amp#27;[32m&amp#27;[1mLast name is required&amp#27;[0m&amp#27;[32m"&amp#27;[0m             &amp#27;[90m# StepDefinitions.LoginSteps.user_should_see_error_message(java.lang.String)&amp#27;[0m
]]></system-out>
  </testcase>
  <testcase name="Registration Field Validation #3" classname="User Registration feature" time="0.0">
    <system-out><![CDATA[
Scenario Outline: Registration Field Validation                          &amp#27;[90m# src/test/resources/Features/UserRegistration.feature:65&amp#27;[0m
User is on Registration Page
  &amp#27;[32mGiven &amp#27;[0m&amp#27;[32mUser is on Registration Page&amp#27;[0m                                     &amp#27;[90m# StepDefinitions.RegistrationSteps.user_is_on_registration_page()&amp#27;[0m
Entering registration fields:
First Name: John
Last Name: Doe
Email: invalid-email
Username: johndoe
Password: Pass123!
  &amp#27;[32mWhen &amp#27;[0m&amp#27;[32mUser enters "&amp#27;[0m&amp#27;[32m&amp#27;[1mJohn&amp#27;[0m&amp#27;[32m", "&amp#27;[0m&amp#27;[32m&amp#27;[1mDoe&amp#27;[0m&amp#27;[32m", "&amp#27;[0m&amp#27;[32m&amp#27;[1minvalid-email&amp#27;[0m&amp#27;[32m", "&amp#27;[0m&amp#27;[32m&amp#27;[1mjohndoe&amp#27;[0m&amp#27;[32m", "&amp#27;[0m&amp#27;[32m&amp#27;[1mPass123!&amp#27;[0m&amp#27;[32m"&amp#27;[0m &amp#27;[90m# StepDefinitions.RegistrationSteps.user_enters_registration_fields(java.lang.String,java.lang.String,java.lang.String,java.lang.String,java.lang.String)&amp#27;[0m
Clicking on Register Button
  &amp#27;[32mAnd &amp#27;[0m&amp#27;[32mUser clicks on Register Button&amp#27;[0m                                     &amp#27;[90m# StepDefinitions.RegistrationSteps.user_clicks_on_register_button()&amp#27;[0m
Verifying error message: Please enter a valid email
  &amp#27;[32mThen &amp#27;[0m&amp#27;[32mUser should see error message "&amp#27;[0m&amp#27;[32m&amp#27;[1mPlease enter a valid email&amp#27;[0m&amp#27;[32m"&amp#27;[0m        &amp#27;[90m# StepDefinitions.LoginSteps.user_should_see_error_message(java.lang.String)&amp#27;[0m
]]></system-out>
  </testcase>
  <testcase name="Registration Field Validation #4" classname="User Registration feature" time="0.001">
    <system-out><![CDATA[
Scenario Outline: Registration Field Validation                      &amp#27;[90m# src/test/resources/Features/UserRegistration.feature:66&amp#27;[0m
User is on Registration Page
  &amp#27;[32mGiven &amp#27;[0m&amp#27;[32mUser is on Registration Page&amp#27;[0m                                 &amp#27;[90m# StepDefinitions.RegistrationSteps.user_is_on_registration_page()&amp#27;[0m
Entering registration fields:
First Name: John
Last Name: Doe
Email: john@example.com
Username: 
Password: Pass123!
  &amp#27;[32mWhen &amp#27;[0m&amp#27;[32mUser enters "&amp#27;[0m&amp#27;[32m&amp#27;[1mJohn&amp#27;[0m&amp#27;[32m", "&amp#27;[0m&amp#27;[32m&amp#27;[1mDoe&amp#27;[0m&amp#27;[32m", "&amp#27;[0m&amp#27;[32m&amp#27;[1mjohn@example.com&amp#27;[0m&amp#27;[32m", "&amp#27;[0m&amp#27;[32m&amp#27;[1m&amp#27;[0m&amp#27;[32m", "&amp#27;[0m&amp#27;[32m&amp#27;[1mPass123!&amp#27;[0m&amp#27;[32m"&amp#27;[0m &amp#27;[90m# StepDefinitions.RegistrationSteps.user_enters_registration_fields(java.lang.String,java.lang.String,java.lang.String,java.lang.String,java.lang.String)&amp#27;[0m
Clicking on Register Button
  &amp#27;[32mAnd &amp#27;[0m&amp#27;[32mUser clicks on Register Button&amp#27;[0m                                 &amp#27;[90m# StepDefinitions.RegistrationSteps.user_clicks_on_register_button()&amp#27;[0m
Verifying error message: Username is required
  &amp#27;[32mThen &amp#27;[0m&amp#27;[32mUser should see error message "&amp#27;[0m&amp#27;[32m&amp#27;[1mUsername is required&amp#27;[0m&amp#27;[32m"&amp#27;[0m          &amp#27;[90m# StepDefinitions.LoginSteps.user_should_see_error_message(java.lang.String)&amp#27;[0m
]]></system-out>
  </testcase>
  <testcase name="Registration Field Validation #5" classname="User Registration feature" time="0.007">
    <system-out><![CDATA[
Scenario Outline: Registration Field Validation                               &amp#27;[90m# src/test/resources/Features/UserRegistration.feature:67&amp#27;[0m
User is on Registration Page
  &amp#27;[32mGiven &amp#27;[0m&amp#27;[32mUser is on Registration Page&amp#27;[0m                                          &amp#27;[90m# StepDefinitions.RegistrationSteps.user_is_on_registration_page()&amp#27;[0m
Entering registration fields:
First Name: John
Last Name: Doe
Email: john@example.com
Username: ab
Password: Pass123!
  &amp#27;[32mWhen &amp#27;[0m&amp#27;[32mUser enters "&amp#27;[0m&amp#27;[32m&amp#27;[1mJohn&amp#27;[0m&amp#27;[32m", "&amp#27;[0m&amp#27;[32m&amp#27;[1mDoe&amp#27;[0m&amp#27;[32m", "&amp#27;[0m&amp#27;[32m&amp#27;[1mjohn@example.com&amp#27;[0m&amp#27;[32m", "&amp#27;[0m&amp#27;[32m&amp#27;[1mab&amp#27;[0m&amp#27;[32m", "&amp#27;[0m&amp#27;[32m&amp#27;[1mPass123!&amp#27;[0m&amp#27;[32m"&amp#27;[0m        &amp#27;[90m# StepDefinitions.RegistrationSteps.user_enters_registration_fields(java.lang.String,java.lang.String,java.lang.String,java.lang.String,java.lang.String)&amp#27;[0m
Clicking on Register Button
  &amp#27;[32mAnd &amp#27;[0m&amp#27;[32mUser clicks on Register Button&amp#27;[0m                                          &amp#27;[90m# StepDefinitions.RegistrationSteps.user_clicks_on_register_button()&amp#27;[0m
Verifying error message: Username must be at least 3 characters
  &amp#27;[32mThen &amp#27;[0m&amp#27;[32mUser should see error message "&amp#27;[0m&amp#27;[32m&amp#27;[1mUsername must be at least 3 characters&amp#27;[0m&amp#27;[32m"&amp#27;[0m &amp#27;[90m# StepDefinitions.LoginSteps.user_should_see_error_message(java.lang.String)&amp#27;[0m
]]></system-out>
  </testcase>
</testsuite>